<?xml version="1.0" encoding="utf-8" standalone="yes"?>
<CoverageSession xmlns:xsd="http://www.w3.org/2001/XMLSchema" xmlns:xsi="http://www.w3.org/2001/XMLSchema-instance">
  <Summary numSequencePoints="167" visitedSequencePoints="0" numBranchPoints="109" visitedBranchPoints="0" sequenceCoverage="0" branchCoverage="0" maxCyclomaticComplexity="27" minCyclomaticComplexity="1" visitedClasses="0" numClasses="29" visitedMethods="0" numMethods="41" minCrapScore="2" maxCrapScore="756" />
  <Modules>
    <Module skippedDueTo="Filter" hash="20-57-DD-D2-15-76-6F-2E-F2-ED-B1-70-90-C2-40-4B-F7-82-BF-09">
      <ModulePath>C:\Users\ivans\Documents\spbsu\ImageProcessing\tests\ImageProcessing.Tests\bin\Debug\net7.0\ImageProcessing.Tests.dll</ModulePath>
      <ModuleTime>2023-04-03T19:02:18.104642Z</ModuleTime>
      <ModuleName>ImageProcessing.Tests</ModuleName>
      <Classes />
    </Module>
    <Module hash="FD-50-D9-5F-07-65-E2-78-FF-B0-72-4F-64-C2-1B-2F-9E-70-07-39">
      <Summary numSequencePoints="167" visitedSequencePoints="0" numBranchPoints="109" visitedBranchPoints="0" sequenceCoverage="0" branchCoverage="0" maxCyclomaticComplexity="27" minCyclomaticComplexity="1" visitedClasses="0" numClasses="29" visitedMethods="0" numMethods="41" minCrapScore="2" maxCrapScore="756" />
      <ModulePath>C:\Users\ivans\Documents\spbsu\ImageProcessing\tests\ImageProcessing.Tests\bin\Debug\net7.0\ImageProcessing.dll</ModulePath>
      <ModuleTime>2023-04-03T19:02:12.0262403Z</ModuleTime>
      <ModuleName>ImageProcessing</ModuleName>
      <Files>
        <File uid="1" fullPath="C:\Users\ivans\Documents\spbsu\ImageProcessing\src\ImageProcessing\Main.fs" />
        <File uid="2" fullPath="C:\Users\ivans\Documents\spbsu\ImageProcessing\src\ImageProcessing\Streaming.fs" />
        <File uid="3" fullPath="C:\Users\ivans\Documents\spbsu\ImageProcessing\src\ImageProcessing\ImageProcessing.fs" />
      </Files>
      <Classes>
        <Class>
          <Summary numSequencePoints="4" visitedSequencePoints="0" numBranchPoints="1" visitedBranchPoints="0" sequenceCoverage="0" branchCoverage="0" maxCyclomaticComplexity="1" minCyclomaticComplexity="1" visitedClasses="0" numClasses="1" visitedMethods="0" numMethods="1" minCrapScore="2" maxCrapScore="2" />
          <FullName>ImageProcessing.Main</FullName>
          <Methods>
            <Method visited="false" cyclomaticComplexity="1" nPathComplexity="0" sequenceCoverage="0" branchCoverage="0" isConstructor="false" isStatic="true" isGetter="false" isSetter="false" crapScore="2">
              <Summary numSequencePoints="4" visitedSequencePoints="0" numBranchPoints="1" visitedBranchPoints="0" sequenceCoverage="0" branchCoverage="0" maxCyclomaticComplexity="1" minCyclomaticComplexity="1" visitedClasses="0" numClasses="0" visitedMethods="0" numMethods="1" minCrapScore="2" maxCrapScore="2" />
              <MetadataToken>100663297</MetadataToken>
              <Name>System.Int32 ImageProcessing.Main::main(System.String[])</Name>
              <FileRef uid="1" />
              <SequencePoints>
                <SequencePoint vc="0" uspid="3" ordinal="0" offset="0" sl="75" sc="9" el="75" ec="91" bec="0" bev="0" fileid="1" />
                <SequencePoint vc="0" uspid="2" ordinal="1" offset="20" sl="77" sc="9" el="77" ec="40" bec="0" bev="0" fileid="1" />
                <SequencePoint vc="0" uspid="1" ordinal="2" offset="37" sl="79" sc="9" el="79" ec="42" bec="0" bev="0" fileid="1" />
                <SequencePoint vc="0" uspid="0" ordinal="3" offset="45" sl="97" sc="9" el="97" ec="10" bec="0" bev="0" fileid="1" />
              </SequencePoints>
              <BranchPoints />
              <MethodPoint xsi:type="SequencePoint" vc="0" uspid="3" ordinal="0" offset="0" sl="75" sc="9" el="75" ec="91" bec="0" bev="0" fileid="1" />
            </Method>
          </Methods>
        </Class>
        <Class>
          <Summary numSequencePoints="4" visitedSequencePoints="0" numBranchPoints="5" visitedBranchPoints="0" sequenceCoverage="0" branchCoverage="0" maxCyclomaticComplexity="3" minCyclomaticComplexity="1" visitedClasses="0" numClasses="1" visitedMethods="0" numMethods="1" minCrapScore="12" maxCrapScore="12" />
          <FullName>ImageProcessing.Main/Arguments</FullName>
          <Methods>
            <Method visited="false" cyclomaticComplexity="3" nPathComplexity="4" sequenceCoverage="0" branchCoverage="0" isConstructor="false" isStatic="false" isGetter="false" isSetter="false" crapScore="12">
              <Summary numSequencePoints="4" visitedSequencePoints="0" numBranchPoints="5" visitedBranchPoints="0" sequenceCoverage="0" branchCoverage="0" maxCyclomaticComplexity="3" minCyclomaticComplexity="3" visitedClasses="0" numClasses="0" visitedMethods="0" numMethods="1" minCrapScore="12" maxCrapScore="12" />
              <MetadataToken>100663314</MetadataToken>
              <Name>System.String ImageProcessing.Main/Arguments::Argu.IArgParserTemplate.get_Usage()</Name>
              <FileRef uid="1" />
              <SequencePoints>
                <SequencePoint vc="0" uspid="7" ordinal="0" offset="2" sl="67" sc="17" el="67" ec="29" bec="4" bev="0" fileid="1" />
                <SequencePoint vc="0" uspid="6" ordinal="1" offset="29" sl="68" sc="30" el="68" ec="82" bec="0" bev="0" fileid="1" />
                <SequencePoint vc="0" uspid="5" ordinal="2" offset="43" sl="69" sc="31" el="69" ec="92" bec="0" bev="0" fileid="1" />
                <SequencePoint vc="0" uspid="4" ordinal="3" offset="57" sl="70" sc="31" el="70" ec="57" bec="0" bev="0" fileid="1" />
              </SequencePoints>
              <BranchPoints>
                <BranchPoint vc="0" uspid="0" ordinal="0" offset="12" sl="67" path="0" offsetend="14" fileid="1" />
                <BranchPoint vc="0" uspid="1" ordinal="1" offset="12" sl="67" path="1" offsetend="35" fileid="1" />
                <BranchPoint vc="0" uspid="2" ordinal="2" offset="20" sl="67" path="0" offsetend="22" fileid="1" />
                <BranchPoint vc="0" uspid="3" ordinal="3" offset="20" sl="67" path="1" offsetend="49" fileid="1" />
              </BranchPoints>
              <MethodPoint xsi:type="SequencePoint" vc="0" uspid="7" ordinal="0" offset="2" sl="67" sc="17" el="67" ec="29" bec="4" bev="0" fileid="1" />
            </Method>
          </Methods>
        </Class>
        <Class>
          <Summary numSequencePoints="21" visitedSequencePoints="0" numBranchPoints="10" visitedBranchPoints="0" sequenceCoverage="0" branchCoverage="0" maxCyclomaticComplexity="7" minCyclomaticComplexity="1" visitedClasses="0" numClasses="1" visitedMethods="0" numMethods="4" minCrapScore="2" maxCrapScore="56" />
          <FullName>ImageProcessing.Streaming</FullName>
          <Methods>
            <Method visited="false" cyclomaticComplexity="1" nPathComplexity="0" sequenceCoverage="0" branchCoverage="0" isConstructor="false" isStatic="true" isGetter="false" isSetter="false" crapScore="2">
              <Summary numSequencePoints="2" visitedSequencePoints="0" numBranchPoints="1" visitedBranchPoints="0" sequenceCoverage="0" branchCoverage="0" maxCyclomaticComplexity="1" minCyclomaticComplexity="1" visitedClasses="0" numClasses="0" visitedMethods="0" numMethods="1" minCrapScore="2" maxCrapScore="2" />
              <MetadataToken>100663329</MetadataToken>
              <Name>Microsoft.FSharp.Collections.FSharpList`1&lt;System.String&gt; ImageProcessing.Streaming::listAllFiles(System.String)</Name>
              <FileRef uid="2" />
              <SequencePoints>
                <SequencePoint vc="0" uspid="9" ordinal="0" offset="0" sl="6" sc="5" el="6" ec="49" bec="0" bev="0" fileid="2" />
                <SequencePoint vc="0" uspid="8" ordinal="1" offset="7" sl="7" sc="5" el="7" ec="23" bec="0" bev="0" fileid="2" />
              </SequencePoints>
              <BranchPoints />
              <MethodPoint xsi:type="SequencePoint" vc="0" uspid="9" ordinal="0" offset="0" sl="6" sc="5" el="6" ec="49" bec="0" bev="0" fileid="2" />
            </Method>
            <Method visited="false" cyclomaticComplexity="1" nPathComplexity="0" sequenceCoverage="0" branchCoverage="0" isConstructor="false" isStatic="true" isGetter="false" isSetter="false" crapScore="2">
              <Summary numSequencePoints="1" visitedSequencePoints="0" numBranchPoints="1" visitedBranchPoints="0" sequenceCoverage="0" branchCoverage="0" maxCyclomaticComplexity="1" minCyclomaticComplexity="1" visitedClasses="0" numClasses="0" visitedMethods="0" numMethods="1" minCrapScore="2" maxCrapScore="2" />
              <MetadataToken>100663330</MetadataToken>
              <Name>Microsoft.FSharp.Control.FSharpMailboxProcessor`1&lt;ImageProcessing.Streaming/msg&gt; ImageProcessing.Streaming::imgSaver(System.String)</Name>
              <FileRef uid="2" />
              <SequencePoints>
                <SequencePoint vc="0" uspid="10" ordinal="0" offset="7" sl="16" sc="5" el="31" ec="6" bec="0" bev="0" fileid="2" />
              </SequencePoints>
              <BranchPoints />
              <MethodPoint xsi:type="SequencePoint" vc="0" uspid="10" ordinal="0" offset="7" sl="16" sc="5" el="31" ec="6" bec="0" bev="0" fileid="2" />
            </Method>
            <Method visited="false" cyclomaticComplexity="1" nPathComplexity="0" sequenceCoverage="0" branchCoverage="0" isConstructor="false" isStatic="true" isGetter="false" isSetter="false" crapScore="2">
              <Summary numSequencePoints="2" visitedSequencePoints="0" numBranchPoints="1" visitedBranchPoints="0" sequenceCoverage="0" branchCoverage="0" maxCyclomaticComplexity="1" minCyclomaticComplexity="1" visitedClasses="0" numClasses="0" visitedMethods="0" numMethods="1" minCrapScore="2" maxCrapScore="2" />
              <MetadataToken>100663331</MetadataToken>
              <Name>Microsoft.FSharp.Control.FSharpMailboxProcessor`1&lt;ImageProcessing.Streaming/msg&gt; ImageProcessing.Streaming::imgProcessor(Microsoft.FSharp.Core.FSharpFunc`2&lt;ImageProcessing.ImageProcessing/Image,ImageProcessing.ImageProcessing/Image&gt;,Microsoft.FSharp.Control.FSharpMailboxProcessor`1&lt;ImageProcessing.Streaming/msg&gt;)</Name>
              <FileRef uid="2" />
              <SequencePoints>
                <SequencePoint vc="0" uspid="12" ordinal="0" offset="0" sl="35" sc="5" el="35" ec="34" bec="0" bev="0" fileid="2" />
                <SequencePoint vc="0" uspid="11" ordinal="1" offset="2" sl="37" sc="5" el="55" ec="6" bec="0" bev="0" fileid="2" />
              </SequencePoints>
              <BranchPoints />
              <MethodPoint xsi:type="SequencePoint" vc="0" uspid="12" ordinal="0" offset="0" sl="35" sc="5" el="35" ec="34" bec="0" bev="0" fileid="2" />
            </Method>
            <Method visited="false" cyclomaticComplexity="7" nPathComplexity="8" sequenceCoverage="0" branchCoverage="0" isConstructor="false" isStatic="true" isGetter="false" isSetter="false" crapScore="56">
              <Summary numSequencePoints="16" visitedSequencePoints="0" numBranchPoints="7" visitedBranchPoints="0" sequenceCoverage="0" branchCoverage="0" maxCyclomaticComplexity="7" minCyclomaticComplexity="7" visitedClasses="0" numClasses="0" visitedMethods="0" numMethods="1" minCrapScore="56" maxCrapScore="56" />
              <MetadataToken>100663332</MetadataToken>
              <Name>System.Void ImageProcessing.Streaming::processAllFiles(System.String,System.String,Microsoft.FSharp.Collections.FSharpList`1&lt;Microsoft.FSharp.Core.FSharpFunc`2&lt;ImageProcessing.ImageProcessing/Image,ImageProcessing.ImageProcessing/Image&gt;&gt;)</Name>
              <FileRef uid="2" />
              <SequencePoints>
                <SequencePoint vc="0" uspid="28" ordinal="0" offset="0" sl="58" sc="5" el="58" ec="24" bec="0" bev="0" fileid="2" />
                <SequencePoint vc="0" uspid="27" ordinal="1" offset="2" sl="61" sc="9" el="61" ec="26" bec="0" bev="0" fileid="2" />
                <SequencePoint vc="0" uspid="26" ordinal="2" offset="4" sl="62" sc="12" el="65" ec="10" bec="0" bev="0" fileid="2" />
                <SequencePoint vc="0" uspid="25" ordinal="3" offset="17" sl="66" sc="12" el="66" ec="24" bec="0" bev="0" fileid="2" />
                <SequencePoint vc="0" uspid="24" ordinal="4" offset="24" sl="68" sc="5" el="68" ec="44" bec="0" bev="0" fileid="2" />
                <SequencePoint vc="0" uspid="23" ordinal="5" offset="32" sl="70" sc="5" el="70" ec="8" bec="0" bev="0" fileid="2" />
                <SequencePoint vc="0" uspid="22" ordinal="6" offset="59" sl="72" sc="9" el="74" ec="41" bec="0" bev="0" fileid="2" />
                <SequencePoint vc="0" uspid="21" ordinal="7" offset="60" sl="72" sc="10" el="72" ec="23" bec="0" bev="0" fileid="2" />
                <SequencePoint vc="0" uspid="20" ordinal="8" offset="63" sl="73" sc="13" el="73" ec="56" bec="0" bev="0" fileid="2" />
                <SequencePoint vc="0" uspid="19" ordinal="9" offset="120" sl="73" sc="35" el="73" ec="55" bec="0" bev="0" fileid="2" />
                <SequencePoint vc="0" uspid="18" ordinal="10" offset="149" sl="73" sc="35" el="73" ec="55" bec="2" bev="0" fileid="2" />
                <SequencePoint vc="0" uspid="17" ordinal="11" offset="210" sl="76" sc="9" el="76" ec="23" bec="0" bev="0" fileid="2" />
                <SequencePoint vc="0" uspid="16" ordinal="12" offset="227" sl="70" sc="14" el="70" ec="16" bec="2" bev="0" fileid="2" />
                <SequencePoint vc="0" uspid="15" ordinal="13" offset="234" sl="78" sc="5" el="78" ec="8" bec="0" bev="0" fileid="2" />
                <SequencePoint vc="0" uspid="14" ordinal="14" offset="253" sl="79" sc="9" el="79" ec="38" bec="0" bev="0" fileid="2" />
                <SequencePoint vc="0" uspid="13" ordinal="15" offset="273" sl="78" sc="22" el="78" ec="24" bec="2" bev="0" fileid="2" />
              </SequencePoints>
              <BranchPoints>
                <BranchPoint vc="0" uspid="4" ordinal="0" offset="188" sl="73" path="0" offsetend="190" fileid="2" />
                <BranchPoint vc="0" uspid="5" ordinal="1" offset="188" sl="73" path="1" offsetend="134" fileid="2" />
                <BranchPoint vc="0" uspid="6" ordinal="2" offset="229" sl="70" path="0" offsetend="234" fileid="2" />
                <BranchPoint vc="0" uspid="7" ordinal="3" offset="229" sl="70" path="1" offsetend="50" fileid="2" />
                <BranchPoint vc="0" uspid="8" ordinal="4" offset="279" sl="78" path="0" offsetend="281" fileid="2" />
                <BranchPoint vc="0" uspid="9" ordinal="5" offset="279" sl="78" path="1" offsetend="242" fileid="2" />
              </BranchPoints>
              <MethodPoint xsi:type="SequencePoint" vc="0" uspid="28" ordinal="0" offset="0" sl="58" sc="5" el="58" ec="24" bec="0" bev="0" fileid="2" />
            </Method>
          </Methods>
        </Class>
        <Class>
          <Summary numSequencePoints="1" visitedSequencePoints="0" numBranchPoints="1" visitedBranchPoints="0" sequenceCoverage="0" branchCoverage="0" maxCyclomaticComplexity="1" minCyclomaticComplexity="1" visitedClasses="0" numClasses="1" visitedMethods="0" numMethods="1" minCrapScore="2" maxCrapScore="2" />
          <FullName>ImageProcessing.Streaming/outFile@14</FullName>
          <Methods>
            <Method visited="false" cyclomaticComplexity="1" nPathComplexity="0" sequenceCoverage="0" branchCoverage="0" isConstructor="false" isStatic="false" isGetter="false" isSetter="false" crapScore="2">
              <Summary numSequencePoints="1" visitedSequencePoints="0" numBranchPoints="1" visitedBranchPoints="0" sequenceCoverage="0" branchCoverage="0" maxCyclomaticComplexity="1" minCyclomaticComplexity="1" visitedClasses="0" numClasses="0" visitedMethods="0" numMethods="1" minCrapScore="2" maxCrapScore="2" />
              <MetadataToken>100663355</MetadataToken>
              <Name>System.String ImageProcessing.Streaming/outFile@14::Invoke(System.String)</Name>
              <FileRef uid="2" />
              <SequencePoints>
                <SequencePoint vc="0" uspid="29" ordinal="0" offset="0" sl="14" sc="37" el="14" ec="76" bec="0" bev="0" fileid="2" />
              </SequencePoints>
              <BranchPoints />
              <MethodPoint xsi:type="SequencePoint" vc="0" uspid="29" ordinal="0" offset="0" sl="14" sc="37" el="14" ec="76" bec="0" bev="0" fileid="2" />
            </Method>
          </Methods>
        </Class>
        <Class>
          <Summary numSequencePoints="6" visitedSequencePoints="0" numBranchPoints="3" visitedBranchPoints="0" sequenceCoverage="0" branchCoverage="0" maxCyclomaticComplexity="2" minCyclomaticComplexity="1" visitedClasses="0" numClasses="1" visitedMethods="0" numMethods="1" minCrapScore="6" maxCrapScore="6" />
          <FullName>ImageProcessing.Streaming/loop@20-2</FullName>
          <Methods>
            <Method visited="false" cyclomaticComplexity="2" nPathComplexity="2" sequenceCoverage="0" branchCoverage="0" isConstructor="false" isStatic="false" isGetter="false" isSetter="false" crapScore="6">
              <Summary numSequencePoints="6" visitedSequencePoints="0" numBranchPoints="3" visitedBranchPoints="0" sequenceCoverage="0" branchCoverage="0" maxCyclomaticComplexity="2" minCyclomaticComplexity="2" visitedClasses="0" numClasses="0" visitedMethods="0" numMethods="1" minCrapScore="6" maxCrapScore="6" />
              <MetadataToken>100663357</MetadataToken>
              <Name>Microsoft.FSharp.Control.FSharpAsync`1&lt;Microsoft.FSharp.Core.Unit&gt; ImageProcessing.Streaming/loop@20-2::Invoke(ImageProcessing.Streaming/msg)</Name>
              <FileRef uid="2" />
              <SequencePoints>
                <SequencePoint vc="0" uspid="35" ordinal="0" offset="2" sl="20" sc="13" el="20" ec="27" bec="2" bev="0" fileid="2" />
                <SequencePoint vc="0" uspid="34" ordinal="1" offset="28" sl="22" sc="17" el="22" ec="51" bec="0" bev="0" fileid="2" />
                <SequencePoint vc="0" uspid="33" ordinal="2" offset="44" sl="23" sc="17" el="23" ec="27" bec="0" bev="0" fileid="2" />
                <SequencePoint vc="0" uspid="32" ordinal="3" offset="81" sl="25" sc="17" el="25" ec="46" bec="0" bev="0" fileid="2" />
                <SequencePoint vc="0" uspid="31" ordinal="4" offset="145" sl="26" sc="17" el="26" ec="49" bec="0" bev="0" fileid="2" />
                <SequencePoint vc="0" uspid="30" ordinal="5" offset="171" sl="27" sc="17" el="27" ec="32" bec="0" bev="0" fileid="2" />
              </SequencePoints>
              <BranchPoints>
                <BranchPoint vc="0" uspid="10" ordinal="0" offset="10" sl="20" path="0" offsetchain="12" offsetend="64" fileid="2" />
                <BranchPoint vc="0" uspid="11" ordinal="1" offset="10" sl="20" path="1" offsetend="14" fileid="2" />
              </BranchPoints>
              <MethodPoint xsi:type="SequencePoint" vc="0" uspid="35" ordinal="0" offset="2" sl="20" sc="13" el="20" ec="27" bec="2" bev="0" fileid="2" />
            </Method>
          </Methods>
        </Class>
        <Class>
          <Summary numSequencePoints="0" visitedSequencePoints="0" numBranchPoints="0" visitedBranchPoints="0" sequenceCoverage="0" branchCoverage="0" maxCyclomaticComplexity="0" minCyclomaticComplexity="0" visitedClasses="0" numClasses="0" visitedMethods="0" numMethods="0" minCrapScore="0" maxCrapScore="0" />
          <FullName>ImageProcessing.Streaming/loop@18-3</FullName>
          <Methods>
            <Method visited="false" cyclomaticComplexity="1" nPathComplexity="0" sequenceCoverage="0" branchCoverage="0" isConstructor="false" isStatic="false" isGetter="false" isSetter="false" crapScore="2">
              <Summary numSequencePoints="0" visitedSequencePoints="0" numBranchPoints="0" visitedBranchPoints="0" sequenceCoverage="0" branchCoverage="0" maxCyclomaticComplexity="1" minCyclomaticComplexity="1" visitedClasses="0" numClasses="0" visitedMethods="0" numMethods="0" minCrapScore="2" maxCrapScore="2" />
              <MetadataToken>100663359</MetadataToken>
              <Name>Microsoft.FSharp.Control.AsyncReturn ImageProcessing.Streaming/loop@18-3::Invoke(Microsoft.FSharp.Control.AsyncActivation`1&lt;Microsoft.FSharp.Core.Unit&gt;)</Name>
              <SequencePoints />
              <BranchPoints />
              <MethodPoint vc="0" uspid="100663359" ordinal="0" offset="0" />
            </Method>
          </Methods>
        </Class>
        <Class>
          <Summary numSequencePoints="1" visitedSequencePoints="0" numBranchPoints="1" visitedBranchPoints="0" sequenceCoverage="0" branchCoverage="0" maxCyclomaticComplexity="1" minCyclomaticComplexity="1" visitedClasses="0" numClasses="1" visitedMethods="0" numMethods="1" minCrapScore="2" maxCrapScore="2" />
          <FullName>ImageProcessing.Streaming/loop@18-1</FullName>
          <Methods>
            <Method visited="false" cyclomaticComplexity="1" nPathComplexity="0" sequenceCoverage="0" branchCoverage="0" isConstructor="false" isStatic="false" isGetter="false" isSetter="false" crapScore="2">
              <Summary numSequencePoints="1" visitedSequencePoints="0" numBranchPoints="1" visitedBranchPoints="0" sequenceCoverage="0" branchCoverage="0" maxCyclomaticComplexity="1" minCyclomaticComplexity="1" visitedClasses="0" numClasses="0" visitedMethods="0" numMethods="1" minCrapScore="2" maxCrapScore="2" />
              <MetadataToken>100663361</MetadataToken>
              <Name>Microsoft.FSharp.Control.FSharpAsync`1&lt;Microsoft.FSharp.Core.Unit&gt; ImageProcessing.Streaming/loop@18-1::Invoke(Microsoft.FSharp.Core.Unit)</Name>
              <FileRef uid="2" />
              <SequencePoints>
                <SequencePoint vc="0" uspid="36" ordinal="0" offset="0" sl="18" sc="13" el="18" ec="39" bec="0" bev="0" fileid="2" />
              </SequencePoints>
              <BranchPoints />
              <MethodPoint xsi:type="SequencePoint" vc="0" uspid="36" ordinal="0" offset="0" sl="18" sc="13" el="18" ec="39" bec="0" bev="0" fileid="2" />
            </Method>
          </Methods>
        </Class>
        <Class>
          <Summary numSequencePoints="1" visitedSequencePoints="0" numBranchPoints="1" visitedBranchPoints="0" sequenceCoverage="0" branchCoverage="0" maxCyclomaticComplexity="1" minCyclomaticComplexity="1" visitedClasses="0" numClasses="1" visitedMethods="0" numMethods="1" minCrapScore="2" maxCrapScore="2" />
          <FullName>ImageProcessing.Streaming/loop@17</FullName>
          <Methods>
            <Method visited="false" cyclomaticComplexity="1" nPathComplexity="0" sequenceCoverage="0" branchCoverage="0" isConstructor="false" isStatic="false" isGetter="false" isSetter="false" crapScore="2">
              <Summary numSequencePoints="1" visitedSequencePoints="0" numBranchPoints="1" visitedBranchPoints="0" sequenceCoverage="0" branchCoverage="0" maxCyclomaticComplexity="1" minCyclomaticComplexity="1" visitedClasses="0" numClasses="0" visitedMethods="0" numMethods="1" minCrapScore="2" maxCrapScore="2" />
              <MetadataToken>100663363</MetadataToken>
              <Name>Microsoft.FSharp.Control.FSharpAsync`1&lt;Microsoft.FSharp.Core.Unit&gt; ImageProcessing.Streaming/loop@17::Invoke(Microsoft.FSharp.Core.Unit)</Name>
              <FileRef uid="2" />
              <SequencePoints>
                <SequencePoint vc="0" uspid="37" ordinal="0" offset="0" sl="17" sc="27" el="17" ec="32" bec="0" bev="0" fileid="2" />
              </SequencePoints>
              <BranchPoints />
              <MethodPoint xsi:type="SequencePoint" vc="0" uspid="37" ordinal="0" offset="0" sl="17" sc="27" el="17" ec="32" bec="0" bev="0" fileid="2" />
            </Method>
          </Methods>
        </Class>
        <Class>
          <Summary numSequencePoints="1" visitedSequencePoints="0" numBranchPoints="1" visitedBranchPoints="0" sequenceCoverage="0" branchCoverage="0" maxCyclomaticComplexity="1" minCyclomaticComplexity="1" visitedClasses="0" numClasses="1" visitedMethods="0" numMethods="1" minCrapScore="2" maxCrapScore="2" />
          <FullName>ImageProcessing.Streaming/imgSaver@16</FullName>
          <Methods>
            <Method visited="false" cyclomaticComplexity="1" nPathComplexity="0" sequenceCoverage="0" branchCoverage="0" isConstructor="false" isStatic="false" isGetter="false" isSetter="false" crapScore="2">
              <Summary numSequencePoints="1" visitedSequencePoints="0" numBranchPoints="1" visitedBranchPoints="0" sequenceCoverage="0" branchCoverage="0" maxCyclomaticComplexity="1" minCyclomaticComplexity="1" visitedClasses="0" numClasses="0" visitedMethods="0" numMethods="1" minCrapScore="2" maxCrapScore="2" />
              <MetadataToken>100663365</MetadataToken>
              <Name>Microsoft.FSharp.Control.FSharpAsync`1&lt;Microsoft.FSharp.Core.Unit&gt; ImageProcessing.Streaming/imgSaver@16::Invoke(Microsoft.FSharp.Control.FSharpMailboxProcessor`1&lt;ImageProcessing.Streaming/msg&gt;)</Name>
              <FileRef uid="2" />
              <SequencePoints>
                <SequencePoint vc="0" uspid="38" ordinal="0" offset="13" sl="30" sc="9" el="30" ec="16" bec="0" bev="0" fileid="2" />
              </SequencePoints>
              <BranchPoints />
              <MethodPoint xsi:type="SequencePoint" vc="0" uspid="38" ordinal="0" offset="13" sl="30" sc="9" el="30" ec="16" bec="0" bev="0" fileid="2" />
            </Method>
          </Methods>
        </Class>
        <Class>
          <Summary numSequencePoints="0" visitedSequencePoints="0" numBranchPoints="0" visitedBranchPoints="0" sequenceCoverage="0" branchCoverage="0" maxCyclomaticComplexity="0" minCyclomaticComplexity="0" visitedClasses="0" numClasses="0" visitedMethods="0" numMethods="0" minCrapScore="0" maxCrapScore="0" />
          <FullName>ImageProcessing.Streaming/loop@44-7</FullName>
          <Methods>
            <Method visited="false" cyclomaticComplexity="1" nPathComplexity="0" sequenceCoverage="0" branchCoverage="0" isConstructor="false" isStatic="false" isGetter="false" isSetter="false" crapScore="2">
              <Summary numSequencePoints="0" visitedSequencePoints="0" numBranchPoints="0" visitedBranchPoints="0" sequenceCoverage="0" branchCoverage="0" maxCyclomaticComplexity="1" minCyclomaticComplexity="1" visitedClasses="0" numClasses="0" visitedMethods="0" numMethods="0" minCrapScore="2" maxCrapScore="2" />
              <MetadataToken>100663367</MetadataToken>
              <Name>ImageProcessing.Streaming/msg ImageProcessing.Streaming/loop@44-7::Invoke(Microsoft.FSharp.Control.FSharpAsyncReplyChannel`1&lt;Microsoft.FSharp.Core.Unit&gt;)</Name>
              <SequencePoints />
              <BranchPoints />
              <MethodPoint vc="0" uspid="100663367" ordinal="0" offset="0" />
            </Method>
            <Method visited="false" cyclomaticComplexity="1" nPathComplexity="0" sequenceCoverage="0" branchCoverage="0" isConstructor="true" isStatic="true" isGetter="false" isSetter="false" crapScore="2">
              <Summary numSequencePoints="0" visitedSequencePoints="0" numBranchPoints="0" visitedBranchPoints="0" sequenceCoverage="0" branchCoverage="0" maxCyclomaticComplexity="1" minCyclomaticComplexity="1" visitedClasses="0" numClasses="0" visitedMethods="0" numMethods="0" minCrapScore="2" maxCrapScore="2" />
              <MetadataToken>100663368</MetadataToken>
              <Name>System.Void ImageProcessing.Streaming/loop@44-7::.cctor()</Name>
              <SequencePoints />
              <BranchPoints />
              <MethodPoint vc="0" uspid="100663368" ordinal="0" offset="0" />
            </Method>
          </Methods>
        </Class>
        <Class>
          <Summary numSequencePoints="9" visitedSequencePoints="0" numBranchPoints="3" visitedBranchPoints="0" sequenceCoverage="0" branchCoverage="0" maxCyclomaticComplexity="2" minCyclomaticComplexity="1" visitedClasses="0" numClasses="1" visitedMethods="0" numMethods="1" minCrapScore="6" maxCrapScore="6" />
          <FullName>ImageProcessing.Streaming/loop@41-6</FullName>
          <Methods>
            <Method visited="false" cyclomaticComplexity="2" nPathComplexity="2" sequenceCoverage="0" branchCoverage="0" isConstructor="false" isStatic="false" isGetter="false" isSetter="false" crapScore="6">
              <Summary numSequencePoints="9" visitedSequencePoints="0" numBranchPoints="3" visitedBranchPoints="0" sequenceCoverage="0" branchCoverage="0" maxCyclomaticComplexity="2" minCyclomaticComplexity="2" visitedClasses="0" numClasses="0" visitedMethods="0" numMethods="1" minCrapScore="6" maxCrapScore="6" />
              <MetadataToken>100663370</MetadataToken>
              <Name>Microsoft.FSharp.Control.FSharpAsync`1&lt;Microsoft.FSharp.Core.Unit&gt; ImageProcessing.Streaming/loop@41-6::Invoke(ImageProcessing.Streaming/msg)</Name>
              <FileRef uid="2" />
              <SequencePoints>
                <SequencePoint vc="0" uspid="47" ordinal="0" offset="2" sl="41" sc="13" el="41" ec="27" bec="2" bev="0" fileid="2" />
                <SequencePoint vc="0" uspid="46" ordinal="1" offset="28" sl="43" sc="17" el="43" ec="62" bec="0" bev="0" fileid="2" />
                <SequencePoint vc="0" uspid="45" ordinal="2" offset="44" sl="44" sc="17" el="44" ec="42" bec="0" bev="0" fileid="2" />
                <SequencePoint vc="0" uspid="44" ordinal="3" offset="62" sl="45" sc="17" el="45" ec="55" bec="0" bev="0" fileid="2" />
                <SequencePoint vc="0" uspid="43" ordinal="4" offset="78" sl="46" sc="17" el="46" ec="27" bec="0" bev="0" fileid="2" />
                <SequencePoint vc="0" uspid="42" ordinal="5" offset="115" sl="48" sc="17" el="48" ec="48" bec="0" bev="0" fileid="2" />
                <SequencePoint vc="0" uspid="41" ordinal="6" offset="179" sl="49" sc="17" el="49" ec="42" bec="0" bev="0" fileid="2" />
                <SequencePoint vc="0" uspid="40" ordinal="7" offset="194" sl="50" sc="17" el="50" ec="44" bec="0" bev="0" fileid="2" />
                <SequencePoint vc="0" uspid="39" ordinal="8" offset="213" sl="51" sc="17" el="51" ec="39" bec="0" bev="0" fileid="2" />
              </SequencePoints>
              <BranchPoints>
                <BranchPoint vc="0" uspid="12" ordinal="0" offset="10" sl="41" path="0" offsetchain="12" offsetend="98" fileid="2" />
                <BranchPoint vc="0" uspid="13" ordinal="1" offset="10" sl="41" path="1" offsetend="14" fileid="2" />
              </BranchPoints>
              <MethodPoint xsi:type="SequencePoint" vc="0" uspid="47" ordinal="0" offset="2" sl="41" sc="13" el="41" ec="27" bec="2" bev="0" fileid="2" />
            </Method>
          </Methods>
        </Class>
        <Class>
          <Summary numSequencePoints="0" visitedSequencePoints="0" numBranchPoints="0" visitedBranchPoints="0" sequenceCoverage="0" branchCoverage="0" maxCyclomaticComplexity="0" minCyclomaticComplexity="0" visitedClasses="0" numClasses="0" visitedMethods="0" numMethods="0" minCrapScore="0" maxCrapScore="0" />
          <FullName>ImageProcessing.Streaming/loop@39-8</FullName>
          <Methods>
            <Method visited="false" cyclomaticComplexity="1" nPathComplexity="0" sequenceCoverage="0" branchCoverage="0" isConstructor="false" isStatic="false" isGetter="false" isSetter="false" crapScore="2">
              <Summary numSequencePoints="0" visitedSequencePoints="0" numBranchPoints="0" visitedBranchPoints="0" sequenceCoverage="0" branchCoverage="0" maxCyclomaticComplexity="1" minCyclomaticComplexity="1" visitedClasses="0" numClasses="0" visitedMethods="0" numMethods="0" minCrapScore="2" maxCrapScore="2" />
              <MetadataToken>100663372</MetadataToken>
              <Name>Microsoft.FSharp.Control.AsyncReturn ImageProcessing.Streaming/loop@39-8::Invoke(Microsoft.FSharp.Control.AsyncActivation`1&lt;Microsoft.FSharp.Core.Unit&gt;)</Name>
              <SequencePoints />
              <BranchPoints />
              <MethodPoint vc="0" uspid="100663372" ordinal="0" offset="0" />
            </Method>
          </Methods>
        </Class>
        <Class>
          <Summary numSequencePoints="1" visitedSequencePoints="0" numBranchPoints="1" visitedBranchPoints="0" sequenceCoverage="0" branchCoverage="0" maxCyclomaticComplexity="1" minCyclomaticComplexity="1" visitedClasses="0" numClasses="1" visitedMethods="0" numMethods="1" minCrapScore="2" maxCrapScore="2" />
          <FullName>ImageProcessing.Streaming/loop@39-5</FullName>
          <Methods>
            <Method visited="false" cyclomaticComplexity="1" nPathComplexity="0" sequenceCoverage="0" branchCoverage="0" isConstructor="false" isStatic="false" isGetter="false" isSetter="false" crapScore="2">
              <Summary numSequencePoints="1" visitedSequencePoints="0" numBranchPoints="1" visitedBranchPoints="0" sequenceCoverage="0" branchCoverage="0" maxCyclomaticComplexity="1" minCyclomaticComplexity="1" visitedClasses="0" numClasses="0" visitedMethods="0" numMethods="1" minCrapScore="2" maxCrapScore="2" />
              <MetadataToken>100663374</MetadataToken>
              <Name>Microsoft.FSharp.Control.FSharpAsync`1&lt;Microsoft.FSharp.Core.Unit&gt; ImageProcessing.Streaming/loop@39-5::Invoke(Microsoft.FSharp.Core.Unit)</Name>
              <FileRef uid="2" />
              <SequencePoints>
                <SequencePoint vc="0" uspid="48" ordinal="0" offset="0" sl="39" sc="13" el="39" ec="39" bec="0" bev="0" fileid="2" />
              </SequencePoints>
              <BranchPoints />
              <MethodPoint xsi:type="SequencePoint" vc="0" uspid="48" ordinal="0" offset="0" sl="39" sc="13" el="39" ec="39" bec="0" bev="0" fileid="2" />
            </Method>
          </Methods>
        </Class>
        <Class>
          <Summary numSequencePoints="1" visitedSequencePoints="0" numBranchPoints="1" visitedBranchPoints="0" sequenceCoverage="0" branchCoverage="0" maxCyclomaticComplexity="1" minCyclomaticComplexity="1" visitedClasses="0" numClasses="1" visitedMethods="0" numMethods="1" minCrapScore="2" maxCrapScore="2" />
          <FullName>ImageProcessing.Streaming/loop@38-4</FullName>
          <Methods>
            <Method visited="false" cyclomaticComplexity="1" nPathComplexity="0" sequenceCoverage="0" branchCoverage="0" isConstructor="false" isStatic="false" isGetter="false" isSetter="false" crapScore="2">
              <Summary numSequencePoints="1" visitedSequencePoints="0" numBranchPoints="1" visitedBranchPoints="0" sequenceCoverage="0" branchCoverage="0" maxCyclomaticComplexity="1" minCyclomaticComplexity="1" visitedClasses="0" numClasses="0" visitedMethods="0" numMethods="1" minCrapScore="2" maxCrapScore="2" />
              <MetadataToken>100663376</MetadataToken>
              <Name>Microsoft.FSharp.Control.FSharpAsync`1&lt;Microsoft.FSharp.Core.Unit&gt; ImageProcessing.Streaming/loop@38-4::Invoke(System.Boolean)</Name>
              <FileRef uid="2" />
              <SequencePoints>
                <SequencePoint vc="0" uspid="49" ordinal="0" offset="0" sl="38" sc="28" el="38" ec="33" bec="0" bev="0" fileid="2" />
              </SequencePoints>
              <BranchPoints />
              <MethodPoint xsi:type="SequencePoint" vc="0" uspid="49" ordinal="0" offset="0" sl="38" sc="28" el="38" ec="33" bec="0" bev="0" fileid="2" />
            </Method>
          </Methods>
        </Class>
        <Class>
          <Summary numSequencePoints="1" visitedSequencePoints="0" numBranchPoints="1" visitedBranchPoints="0" sequenceCoverage="0" branchCoverage="0" maxCyclomaticComplexity="1" minCyclomaticComplexity="1" visitedClasses="0" numClasses="1" visitedMethods="0" numMethods="1" minCrapScore="2" maxCrapScore="2" />
          <FullName>ImageProcessing.Streaming/imgProcessor@37</FullName>
          <Methods>
            <Method visited="false" cyclomaticComplexity="1" nPathComplexity="0" sequenceCoverage="0" branchCoverage="0" isConstructor="false" isStatic="false" isGetter="false" isSetter="false" crapScore="2">
              <Summary numSequencePoints="1" visitedSequencePoints="0" numBranchPoints="1" visitedBranchPoints="0" sequenceCoverage="0" branchCoverage="0" maxCyclomaticComplexity="1" minCyclomaticComplexity="1" visitedClasses="0" numClasses="0" visitedMethods="0" numMethods="1" minCrapScore="2" maxCrapScore="2" />
              <MetadataToken>100663378</MetadataToken>
              <Name>Microsoft.FSharp.Control.FSharpAsync`1&lt;Microsoft.FSharp.Core.Unit&gt; ImageProcessing.Streaming/imgProcessor@37::Invoke(Microsoft.FSharp.Control.FSharpMailboxProcessor`1&lt;ImageProcessing.Streaming/msg&gt;)</Name>
              <FileRef uid="2" />
              <SequencePoints>
                <SequencePoint vc="0" uspid="50" ordinal="0" offset="19" sl="54" sc="9" el="54" ec="18" bec="0" bev="0" fileid="2" />
              </SequencePoints>
              <BranchPoints />
              <MethodPoint xsi:type="SequencePoint" vc="0" uspid="50" ordinal="0" offset="19" sl="54" sc="9" el="54" ec="18" bec="0" bev="0" fileid="2" />
            </Method>
          </Methods>
        </Class>
        <Class>
          <Summary numSequencePoints="2" visitedSequencePoints="0" numBranchPoints="1" visitedBranchPoints="0" sequenceCoverage="0" branchCoverage="0" maxCyclomaticComplexity="1" minCyclomaticComplexity="1" visitedClasses="0" numClasses="1" visitedMethods="0" numMethods="1" minCrapScore="2" maxCrapScore="2" />
          <FullName>ImageProcessing.Streaming/Pipe #1 stage #1 at line 62@62</FullName>
          <Methods>
            <Method visited="false" cyclomaticComplexity="1" nPathComplexity="0" sequenceCoverage="0" branchCoverage="0" isConstructor="false" isStatic="false" isGetter="false" isSetter="false" crapScore="2">
              <Summary numSequencePoints="2" visitedSequencePoints="0" numBranchPoints="1" visitedBranchPoints="0" sequenceCoverage="0" branchCoverage="0" maxCyclomaticComplexity="1" minCyclomaticComplexity="1" visitedClasses="0" numClasses="0" visitedMethods="0" numMethods="1" minCrapScore="2" maxCrapScore="2" />
              <MetadataToken>100663380</MetadataToken>
              <Name>Microsoft.FSharp.Control.FSharpMailboxProcessor`1&lt;ImageProcessing.Streaming/msg&gt; ImageProcessing.Streaming/Pipe #1 stage #1 at line 62@62::Invoke(Microsoft.FSharp.Core.FSharpFunc`2&lt;ImageProcessing.ImageProcessing/Image,ImageProcessing.ImageProcessing/Image&gt;)</Name>
              <FileRef uid="2" />
              <SequencePoints>
                <SequencePoint vc="0" uspid="52" ordinal="0" offset="0" sl="63" sc="13" el="63" ec="43" bec="0" bev="0" fileid="2" />
                <SequencePoint vc="0" uspid="51" ordinal="1" offset="12" sl="64" sc="13" el="64" ec="36" bec="0" bev="0" fileid="2" />
              </SequencePoints>
              <BranchPoints />
              <MethodPoint xsi:type="SequencePoint" vc="0" uspid="52" ordinal="0" offset="0" sl="63" sc="13" el="63" ec="43" bec="0" bev="0" fileid="2" />
            </Method>
          </Methods>
        </Class>
        <Class>
          <Summary numSequencePoints="0" visitedSequencePoints="0" numBranchPoints="0" visitedBranchPoints="0" sequenceCoverage="0" branchCoverage="0" maxCyclomaticComplexity="0" minCyclomaticComplexity="0" visitedClasses="0" numClasses="0" visitedMethods="0" numMethods="0" minCrapScore="0" maxCrapScore="0" />
          <FullName>ImageProcessing.Streaming/processAllFiles@79</FullName>
          <Methods>
            <Method visited="false" cyclomaticComplexity="1" nPathComplexity="0" sequenceCoverage="0" branchCoverage="0" isConstructor="false" isStatic="false" isGetter="false" isSetter="false" crapScore="2">
              <Summary numSequencePoints="0" visitedSequencePoints="0" numBranchPoints="0" visitedBranchPoints="0" sequenceCoverage="0" branchCoverage="0" maxCyclomaticComplexity="1" minCyclomaticComplexity="1" visitedClasses="0" numClasses="0" visitedMethods="0" numMethods="0" minCrapScore="2" maxCrapScore="2" />
              <MetadataToken>100663382</MetadataToken>
              <Name>ImageProcessing.Streaming/msg ImageProcessing.Streaming/processAllFiles@79::Invoke(Microsoft.FSharp.Control.FSharpAsyncReplyChannel`1&lt;Microsoft.FSharp.Core.Unit&gt;)</Name>
              <SequencePoints />
              <BranchPoints />
              <MethodPoint vc="0" uspid="100663382" ordinal="0" offset="0" />
            </Method>
            <Method visited="false" cyclomaticComplexity="1" nPathComplexity="0" sequenceCoverage="0" branchCoverage="0" isConstructor="true" isStatic="true" isGetter="false" isSetter="false" crapScore="2">
              <Summary numSequencePoints="0" visitedSequencePoints="0" numBranchPoints="0" visitedBranchPoints="0" sequenceCoverage="0" branchCoverage="0" maxCyclomaticComplexity="1" minCyclomaticComplexity="1" visitedClasses="0" numClasses="0" visitedMethods="0" numMethods="0" minCrapScore="2" maxCrapScore="2" />
              <MetadataToken>100663383</MetadataToken>
              <Name>System.Void ImageProcessing.Streaming/processAllFiles@79::.cctor()</Name>
              <SequencePoints />
              <BranchPoints />
              <MethodPoint vc="0" uspid="100663383" ordinal="0" offset="0" />
            </Method>
          </Methods>
        </Class>
        <Class>
          <Summary numSequencePoints="45" visitedSequencePoints="0" numBranchPoints="20" visitedBranchPoints="0" sequenceCoverage="0" branchCoverage="0" maxCyclomaticComplexity="5" minCyclomaticComplexity="1" visitedClasses="0" numClasses="1" visitedMethods="0" numMethods="10" minCrapScore="2" maxCrapScore="30" />
          <FullName>ImageProcessing.ImageProcessing</FullName>
          <Methods>
            <Method visited="false" cyclomaticComplexity="5" nPathComplexity="16" sequenceCoverage="0" branchCoverage="0" isConstructor="false" isStatic="true" isGetter="false" isSetter="false" crapScore="30">
              <Summary numSequencePoints="9" visitedSequencePoints="0" numBranchPoints="9" visitedBranchPoints="0" sequenceCoverage="0" branchCoverage="0" maxCyclomaticComplexity="5" minCyclomaticComplexity="5" visitedClasses="0" numClasses="0" visitedMethods="0" numMethods="1" minCrapScore="30" maxCrapScore="30" />
              <MetadataToken>100663384</MetadataToken>
              <Name>System.Byte[0...,0...] ImageProcessing.ImageProcessing::loadAs2DArray(System.String)</Name>
              <FileRef uid="3" />
              <SequencePoints>
                <SequencePoint vc="0" uspid="61" ordinal="0" offset="0" sl="24" sc="5" el="24" ec="34" bec="0" bev="0" fileid="3" />
                <SequencePoint vc="0" uspid="60" ordinal="1" offset="7" sl="25" sc="5" el="25" ec="54" bec="0" bev="0" fileid="3" />
                <SequencePoint vc="0" uspid="59" ordinal="2" offset="25" sl="27" sc="5" el="27" ec="8" bec="2" bev="0" fileid="3" />
                <SequencePoint vc="0" uspid="58" ordinal="3" offset="40" sl="30" sc="9" el="30" ec="12" bec="2" bev="0" fileid="3" />
                <SequencePoint vc="0" uspid="57" ordinal="4" offset="59" sl="33" sc="13" el="33" ec="22" bec="0" bev="0" fileid="3" />
                <SequencePoint vc="0" uspid="56" ordinal="5" offset="92" sl="30" sc="15" el="30" ec="17" bec="2" bev="0" fileid="3" />
                <SequencePoint vc="0" uspid="55" ordinal="6" offset="104" sl="27" sc="11" el="27" ec="13" bec="2" bev="0" fileid="3" />
                <SequencePoint vc="0" uspid="54" ordinal="7" offset="110" sl="35" sc="5" el="35" ec="48" bec="0" bev="0" fileid="3" />
                <SequencePoint vc="0" uspid="53" ordinal="8" offset="208" sl="36" sc="5" el="36" ec="8" bec="0" bev="0" fileid="3" />
              </SequencePoints>
              <BranchPoints>
                <BranchPoint vc="0" uspid="14" ordinal="0" offset="38" sl="27" path="0" offsetend="40" fileid="3" />
                <BranchPoint vc="0" uspid="15" ordinal="1" offset="38" sl="27" path="1" offsetend="110" fileid="3" />
                <BranchPoint vc="0" uspid="16" ordinal="2" offset="57" sl="30" path="0" offsetend="59" fileid="3" />
                <BranchPoint vc="0" uspid="17" ordinal="3" offset="57" sl="30" path="1" offsetend="100" fileid="3" />
                <BranchPoint vc="0" uspid="18" ordinal="4" offset="98" sl="30" path="0" offsetend="100" fileid="3" />
                <BranchPoint vc="0" uspid="19" ordinal="5" offset="98" sl="30" path="1" offsetend="59" fileid="3" />
                <BranchPoint vc="0" uspid="20" ordinal="6" offset="108" sl="27" path="0" offsetend="110" fileid="3" />
                <BranchPoint vc="0" uspid="21" ordinal="7" offset="108" sl="27" path="1" offsetend="40" fileid="3" />
              </BranchPoints>
              <MethodPoint xsi:type="SequencePoint" vc="0" uspid="61" ordinal="0" offset="0" sl="24" sc="5" el="24" ec="34" bec="0" bev="0" fileid="3" />
            </Method>
            <Method visited="false" cyclomaticComplexity="1" nPathComplexity="0" sequenceCoverage="0" branchCoverage="0" isConstructor="false" isStatic="true" isGetter="false" isSetter="false" crapScore="2">
              <Summary numSequencePoints="4" visitedSequencePoints="0" numBranchPoints="1" visitedBranchPoints="0" sequenceCoverage="0" branchCoverage="0" maxCyclomaticComplexity="1" minCyclomaticComplexity="1" visitedClasses="0" numClasses="0" visitedMethods="0" numMethods="1" minCrapScore="2" maxCrapScore="2" />
              <MetadataToken>100663385</MetadataToken>
              <Name>ImageProcessing.ImageProcessing/Image ImageProcessing.ImageProcessing::loadAsImage(System.String)</Name>
              <FileRef uid="3" />
              <SequencePoints>
                <SequencePoint vc="0" uspid="65" ordinal="0" offset="0" sl="39" sc="5" el="39" ec="34" bec="0" bev="0" fileid="3" />
                <SequencePoint vc="0" uspid="64" ordinal="1" offset="7" sl="41" sc="5" el="45" ec="10" bec="0" bev="0" fileid="3" />
                <SequencePoint vc="0" uspid="63" ordinal="2" offset="26" sl="47" sc="5" el="47" ec="40" bec="0" bev="0" fileid="3" />
                <SequencePoint vc="0" uspid="62" ordinal="3" offset="38" sl="48" sc="5" el="48" ec="71" bec="0" bev="0" fileid="3" />
              </SequencePoints>
              <BranchPoints />
              <MethodPoint xsi:type="SequencePoint" vc="0" uspid="65" ordinal="0" offset="0" sl="39" sc="5" el="39" ec="34" bec="0" bev="0" fileid="3" />
            </Method>
            <Method visited="false" cyclomaticComplexity="1" nPathComplexity="0" sequenceCoverage="0" branchCoverage="0" isConstructor="false" isStatic="true" isGetter="false" isSetter="false" crapScore="2">
              <Summary numSequencePoints="5" visitedSequencePoints="0" numBranchPoints="1" visitedBranchPoints="0" sequenceCoverage="0" branchCoverage="0" maxCyclomaticComplexity="1" minCyclomaticComplexity="1" visitedClasses="0" numClasses="0" visitedMethods="0" numMethods="1" minCrapScore="2" maxCrapScore="2" />
              <MetadataToken>100663386</MetadataToken>
              <Name>System.Void ImageProcessing.ImageProcessing::save2DByteArrayAsImage(System.Byte[0...,0...],System.String)</Name>
              <FileRef uid="3" />
              <SequencePoints>
                <SequencePoint vc="0" uspid="70" ordinal="0" offset="0" sl="51" sc="5" el="51" ec="34" bec="0" bev="0" fileid="3" />
                <SequencePoint vc="0" uspid="69" ordinal="1" offset="8" sl="52" sc="5" el="52" ec="34" bec="0" bev="0" fileid="3" />
                <SequencePoint vc="0" uspid="68" ordinal="2" offset="16" sl="53" sc="5" el="53" ec="31" bec="0" bev="0" fileid="3" />
                <SequencePoint vc="0" uspid="67" ordinal="3" offset="110" sl="71" sc="5" el="71" ec="67" bec="0" bev="0" fileid="3" />
                <SequencePoint vc="0" uspid="66" ordinal="4" offset="139" sl="72" sc="5" el="72" ec="18" bec="0" bev="0" fileid="3" />
              </SequencePoints>
              <BranchPoints />
              <MethodPoint xsi:type="SequencePoint" vc="0" uspid="70" ordinal="0" offset="0" sl="51" sc="5" el="51" ec="34" bec="0" bev="0" fileid="3" />
            </Method>
            <Method visited="false" cyclomaticComplexity="1" nPathComplexity="0" sequenceCoverage="0" branchCoverage="0" isConstructor="false" isStatic="true" isGetter="false" isSetter="false" crapScore="2">
              <Summary numSequencePoints="2" visitedSequencePoints="0" numBranchPoints="1" visitedBranchPoints="0" sequenceCoverage="0" branchCoverage="0" maxCyclomaticComplexity="1" minCyclomaticComplexity="1" visitedClasses="0" numClasses="0" visitedMethods="0" numMethods="1" minCrapScore="2" maxCrapScore="2" />
              <MetadataToken>100663387</MetadataToken>
              <Name>System.Void ImageProcessing.ImageProcessing::saveImage(ImageProcessing.ImageProcessing/Image,System.String)</Name>
              <FileRef uid="3" />
              <SequencePoints>
                <SequencePoint vc="0" uspid="72" ordinal="0" offset="0" sl="75" sc="5" el="75" ec="77" bec="0" bev="0" fileid="3" />
                <SequencePoint vc="0" uspid="71" ordinal="1" offset="27" sl="76" sc="5" el="76" ec="18" bec="0" bev="0" fileid="3" />
              </SequencePoints>
              <BranchPoints />
              <MethodPoint xsi:type="SequencePoint" vc="0" uspid="72" ordinal="0" offset="0" sl="75" sc="5" el="75" ec="77" bec="0" bev="0" fileid="3" />
            </Method>
            <Method visited="false" cyclomaticComplexity="1" nPathComplexity="0" sequenceCoverage="0" branchCoverage="0" isConstructor="false" isStatic="true" isGetter="true" isSetter="false" crapScore="2">
              <Summary numSequencePoints="0" visitedSequencePoints="0" numBranchPoints="0" visitedBranchPoints="0" sequenceCoverage="0" branchCoverage="0" maxCyclomaticComplexity="1" minCyclomaticComplexity="1" visitedClasses="0" numClasses="0" visitedMethods="0" numMethods="0" minCrapScore="2" maxCrapScore="2" />
              <MetadataToken>100663388</MetadataToken>
              <Name>System.Single[][] ImageProcessing.ImageProcessing::get_gaussianBlurKernel()</Name>
              <SequencePoints />
              <BranchPoints />
              <MethodPoint vc="0" uspid="100663388" ordinal="0" offset="0" />
            </Method>
            <Method visited="false" cyclomaticComplexity="1" nPathComplexity="0" sequenceCoverage="0" branchCoverage="0" isConstructor="false" isStatic="true" isGetter="true" isSetter="false" crapScore="2">
              <Summary numSequencePoints="0" visitedSequencePoints="0" numBranchPoints="0" visitedBranchPoints="0" sequenceCoverage="0" branchCoverage="0" maxCyclomaticComplexity="1" minCyclomaticComplexity="1" visitedClasses="0" numClasses="0" visitedMethods="0" numMethods="0" minCrapScore="2" maxCrapScore="2" />
              <MetadataToken>100663389</MetadataToken>
              <Name>System.Single[][] ImageProcessing.ImageProcessing::get_edgesKernel()</Name>
              <SequencePoints />
              <BranchPoints />
              <MethodPoint vc="0" uspid="100663389" ordinal="0" offset="0" />
            </Method>
            <Method visited="false" cyclomaticComplexity="1" nPathComplexity="0" sequenceCoverage="0" branchCoverage="0" isConstructor="false" isStatic="true" isGetter="true" isSetter="false" crapScore="2">
              <Summary numSequencePoints="0" visitedSequencePoints="0" numBranchPoints="0" visitedBranchPoints="0" sequenceCoverage="0" branchCoverage="0" maxCyclomaticComplexity="1" minCyclomaticComplexity="1" visitedClasses="0" numClasses="0" visitedMethods="0" numMethods="0" minCrapScore="2" maxCrapScore="2" />
              <MetadataToken>100663390</MetadataToken>
              <Name>System.Single[][] ImageProcessing.ImageProcessing::get_motionBlurKernel()</Name>
              <SequencePoints />
              <BranchPoints />
              <MethodPoint vc="0" uspid="100663390" ordinal="0" offset="0" />
            </Method>
            <Method visited="false" cyclomaticComplexity="1" nPathComplexity="0" sequenceCoverage="0" branchCoverage="0" isConstructor="false" isStatic="true" isGetter="true" isSetter="false" crapScore="2">
              <Summary numSequencePoints="0" visitedSequencePoints="0" numBranchPoints="0" visitedBranchPoints="0" sequenceCoverage="0" branchCoverage="0" maxCyclomaticComplexity="1" minCyclomaticComplexity="1" visitedClasses="0" numClasses="0" visitedMethods="0" numMethods="0" minCrapScore="2" maxCrapScore="2" />
              <MetadataToken>100663391</MetadataToken>
              <Name>System.Single[][] ImageProcessing.ImageProcessing::get_ySobelKernel()</Name>
              <SequencePoints />
              <BranchPoints />
              <MethodPoint vc="0" uspid="100663391" ordinal="0" offset="0" />
            </Method>
            <Method visited="false" cyclomaticComplexity="1" nPathComplexity="0" sequenceCoverage="0" branchCoverage="0" isConstructor="false" isStatic="true" isGetter="true" isSetter="false" crapScore="2">
              <Summary numSequencePoints="0" visitedSequencePoints="0" numBranchPoints="0" visitedBranchPoints="0" sequenceCoverage="0" branchCoverage="0" maxCyclomaticComplexity="1" minCyclomaticComplexity="1" visitedClasses="0" numClasses="0" visitedMethods="0" numMethods="0" minCrapScore="2" maxCrapScore="2" />
              <MetadataToken>100663392</MetadataToken>
              <Name>System.Single[][] ImageProcessing.ImageProcessing::get_embossKernel()</Name>
              <SequencePoints />
              <BranchPoints />
              <MethodPoint vc="0" uspid="100663392" ordinal="0" offset="0" />
            </Method>
            <Method visited="false" cyclomaticComplexity="1" nPathComplexity="0" sequenceCoverage="0" branchCoverage="0" isConstructor="false" isStatic="true" isGetter="true" isSetter="false" crapScore="2">
              <Summary numSequencePoints="0" visitedSequencePoints="0" numBranchPoints="0" visitedBranchPoints="0" sequenceCoverage="0" branchCoverage="0" maxCyclomaticComplexity="1" minCyclomaticComplexity="1" visitedClasses="0" numClasses="0" visitedMethods="0" numMethods="0" minCrapScore="2" maxCrapScore="2" />
              <MetadataToken>100663393</MetadataToken>
              <Name>System.Single[][] ImageProcessing.ImageProcessing::get_outlineKernel()</Name>
              <SequencePoints />
              <BranchPoints />
              <MethodPoint vc="0" uspid="100663393" ordinal="0" offset="0" />
            </Method>
            <Method visited="false" cyclomaticComplexity="1" nPathComplexity="0" sequenceCoverage="0" branchCoverage="0" isConstructor="false" isStatic="true" isGetter="false" isSetter="false" crapScore="2">
              <Summary numSequencePoints="5" visitedSequencePoints="0" numBranchPoints="1" visitedBranchPoints="0" sequenceCoverage="0" branchCoverage="0" maxCyclomaticComplexity="1" minCyclomaticComplexity="1" visitedClasses="0" numClasses="0" visitedMethods="0" numMethods="1" minCrapScore="2" maxCrapScore="2" />
              <MetadataToken>100663394</MetadataToken>
              <Name>System.Byte[0...,0...] ImageProcessing.ImageProcessing::applyFilter(System.Single[][],System.Byte[0...,0...])</Name>
              <FileRef uid="3" />
              <SequencePoints>
                <SequencePoint vc="0" uspid="77" ordinal="0" offset="0" sl="241" sc="5" el="241" ec="31" bec="0" bev="0" fileid="3" />
                <SequencePoint vc="0" uspid="76" ordinal="1" offset="8" sl="242" sc="5" el="242" ec="31" bec="0" bev="0" fileid="3" />
                <SequencePoint vc="0" uspid="75" ordinal="2" offset="16" sl="244" sc="5" el="246" ec="12" bec="0" bev="0" fileid="3" />
                <SequencePoint vc="0" uspid="74" ordinal="3" offset="25" sl="248" sc="5" el="248" ec="37" bec="0" bev="0" fileid="3" />
                <SequencePoint vc="0" uspid="73" ordinal="4" offset="44" sl="273" sc="5" el="273" ec="60" bec="0" bev="0" fileid="3" />
              </SequencePoints>
              <BranchPoints />
              <MethodPoint xsi:type="SequencePoint" vc="0" uspid="77" ordinal="0" offset="0" sl="241" sc="5" el="241" ec="31" bec="0" bev="0" fileid="3" />
            </Method>
            <Method visited="false" cyclomaticComplexity="1" nPathComplexity="0" sequenceCoverage="0" branchCoverage="0" isConstructor="false" isStatic="true" isGetter="false" isSetter="false" crapScore="2">
              <Summary numSequencePoints="5" visitedSequencePoints="0" numBranchPoints="1" visitedBranchPoints="0" sequenceCoverage="0" branchCoverage="0" maxCyclomaticComplexity="1" minCyclomaticComplexity="1" visitedClasses="0" numClasses="0" visitedMethods="0" numMethods="1" minCrapScore="2" maxCrapScore="2" />
              <MetadataToken>100663395</MetadataToken>
              <Name>System.Byte[0...,0...] ImageProcessing.ImageProcessing::rotate90Right(System.Byte[0...,0...])</Name>
              <FileRef uid="3" />
              <SequencePoints>
                <SequencePoint vc="0" uspid="82" ordinal="0" offset="0" sl="277" sc="5" el="277" ec="31" bec="0" bev="0" fileid="3" />
                <SequencePoint vc="0" uspid="81" ordinal="1" offset="8" sl="278" sc="5" el="278" ec="31" bec="0" bev="0" fileid="3" />
                <SequencePoint vc="0" uspid="80" ordinal="2" offset="16" sl="280" sc="5" el="280" ec="49" bec="0" bev="0" fileid="3" />
                <SequencePoint vc="0" uspid="79" ordinal="3" offset="24" sl="282" sc="5" el="290" ec="22" bec="0" bev="0" fileid="3" />
                <SequencePoint vc="0" uspid="78" ordinal="4" offset="38" sl="292" sc="5" el="292" ec="8" bec="0" bev="0" fileid="3" />
              </SequencePoints>
              <BranchPoints />
              <MethodPoint xsi:type="SequencePoint" vc="0" uspid="82" ordinal="0" offset="0" sl="277" sc="5" el="277" ec="31" bec="0" bev="0" fileid="3" />
            </Method>
            <Method visited="false" cyclomaticComplexity="1" nPathComplexity="0" sequenceCoverage="0" branchCoverage="0" isConstructor="false" isStatic="true" isGetter="false" isSetter="false" crapScore="2">
              <Summary numSequencePoints="5" visitedSequencePoints="0" numBranchPoints="1" visitedBranchPoints="0" sequenceCoverage="0" branchCoverage="0" maxCyclomaticComplexity="1" minCyclomaticComplexity="1" visitedClasses="0" numClasses="0" visitedMethods="0" numMethods="1" minCrapScore="2" maxCrapScore="2" />
              <MetadataToken>100663396</MetadataToken>
              <Name>System.Byte[0...,0...] ImageProcessing.ImageProcessing::rotate90Left(System.Byte[0...,0...])</Name>
              <FileRef uid="3" />
              <SequencePoints>
                <SequencePoint vc="0" uspid="87" ordinal="0" offset="0" sl="296" sc="5" el="296" ec="31" bec="0" bev="0" fileid="3" />
                <SequencePoint vc="0" uspid="86" ordinal="1" offset="8" sl="297" sc="5" el="297" ec="31" bec="0" bev="0" fileid="3" />
                <SequencePoint vc="0" uspid="85" ordinal="2" offset="16" sl="299" sc="5" el="299" ec="49" bec="0" bev="0" fileid="3" />
                <SequencePoint vc="0" uspid="84" ordinal="3" offset="24" sl="301" sc="5" el="309" ec="22" bec="0" bev="0" fileid="3" />
                <SequencePoint vc="0" uspid="83" ordinal="4" offset="38" sl="311" sc="5" el="311" ec="8" bec="0" bev="0" fileid="3" />
              </SequencePoints>
              <BranchPoints />
              <MethodPoint xsi:type="SequencePoint" vc="0" uspid="87" ordinal="0" offset="0" sl="296" sc="5" el="296" ec="31" bec="0" bev="0" fileid="3" />
            </Method>
            <Method visited="false" cyclomaticComplexity="2" nPathComplexity="2" sequenceCoverage="0" branchCoverage="0" isConstructor="false" isStatic="true" isGetter="false" isSetter="false" crapScore="6">
              <Summary numSequencePoints="6" visitedSequencePoints="0" numBranchPoints="3" visitedBranchPoints="0" sequenceCoverage="0" branchCoverage="0" maxCyclomaticComplexity="2" minCyclomaticComplexity="2" visitedClasses="0" numClasses="0" visitedMethods="0" numMethods="1" minCrapScore="6" maxCrapScore="6" />
              <MetadataToken>100663397</MetadataToken>
              <Name>System.Void ImageProcessing.ImageProcessing::applyFilterToDirectory(System.Single[][],System.String,System.String)</Name>
              <FileRef uid="3" />
              <SequencePoints>
                <SequencePoint vc="0" uspid="93" ordinal="0" offset="0" sl="315" sc="5" el="315" ec="58" bec="0" bev="0" fileid="3" />
                <SequencePoint vc="0" uspid="92" ordinal="1" offset="7" sl="317" sc="5" el="317" ec="8" bec="0" bev="0" fileid="3" />
                <SequencePoint vc="0" uspid="91" ordinal="2" offset="21" sl="318" sc="9" el="318" ec="39" bec="0" bev="0" fileid="3" />
                <SequencePoint vc="0" uspid="90" ordinal="3" offset="29" sl="319" sc="9" el="319" ec="55" bec="0" bev="0" fileid="3" />
                <SequencePoint vc="0" uspid="89" ordinal="4" offset="39" sl="321" sc="9" el="325" ec="48" bec="0" bev="0" fileid="3" />
                <SequencePoint vc="0" uspid="88" ordinal="5" offset="73" sl="317" sc="14" el="317" ec="16" bec="2" bev="0" fileid="3" />
              </SequencePoints>
              <BranchPoints>
                <BranchPoint vc="0" uspid="22" ordinal="0" offset="77" sl="317" path="0" offsetend="79" fileid="3" />
                <BranchPoint vc="0" uspid="23" ordinal="1" offset="77" sl="317" path="1" offsetend="13" fileid="3" />
              </BranchPoints>
              <MethodPoint xsi:type="SequencePoint" vc="0" uspid="93" ordinal="0" offset="0" sl="315" sc="5" el="315" ec="58" bec="0" bev="0" fileid="3" />
            </Method>
            <Method visited="false" cyclomaticComplexity="1" nPathComplexity="0" sequenceCoverage="0" branchCoverage="0" isConstructor="false" isStatic="true" isGetter="false" isSetter="false" crapScore="2">
              <Summary numSequencePoints="2" visitedSequencePoints="0" numBranchPoints="1" visitedBranchPoints="0" sequenceCoverage="0" branchCoverage="0" maxCyclomaticComplexity="1" minCyclomaticComplexity="1" visitedClasses="0" numClasses="0" visitedMethods="0" numMethods="1" minCrapScore="2" maxCrapScore="2" />
              <MetadataToken>100663398</MetadataToken>
              <Name>Microsoft.FSharp.Core.FSharpFunc`2&lt;Microsoft.FSharp.Control.FSharpMailboxProcessor`1&lt;Brahma.FSharp.Msg&gt;,Microsoft.FSharp.Core.FSharpFunc`2&lt;Brahma.FSharp.ClArray`1&lt;System.Single&gt;,Microsoft.FSharp.Core.FSharpFunc`2&lt;System.Int32,Microsoft.FSharp.Core.FSharpFunc`2&lt;Brahma.FSharp.ClArray`1&lt;System.Byte&gt;,Microsoft.FSharp.Core.FSharpFunc`2&lt;System.Int32,Microsoft.FSharp.Core.FSharpFunc`2&lt;System.Int32,Microsoft.FSharp.Core.FSharpFunc`2&lt;Brahma.FSharp.ClArray`1&lt;System.Byte&gt;,Brahma.FSharp.ClArray`1&lt;System.Byte&gt;&gt;&gt;&gt;&gt;&gt;&gt;&gt; ImageProcessing.ImageProcessing::applyFilterGPUKernel(Brahma.FSharp.ClContext,System.Int32)</Name>
              <FileRef uid="3" />
              <SequencePoints>
                <SequencePoint vc="0" uspid="95" ordinal="0" offset="0" sl="330" sc="5" el="375" ec="11" bec="0" bev="0" fileid="3" />
                <SequencePoint vc="0" uspid="94" ordinal="1" offset="284" sl="377" sc="5" el="377" ec="42" bec="0" bev="0" fileid="3" />
              </SequencePoints>
              <BranchPoints />
              <MethodPoint xsi:type="SequencePoint" vc="0" uspid="95" ordinal="0" offset="0" sl="330" sc="5" el="375" ec="11" bec="0" bev="0" fileid="3" />
            </Method>
            <Method visited="false" cyclomaticComplexity="1" nPathComplexity="0" sequenceCoverage="0" branchCoverage="0" isConstructor="false" isStatic="true" isGetter="false" isSetter="false" crapScore="2">
              <Summary numSequencePoints="2" visitedSequencePoints="0" numBranchPoints="1" visitedBranchPoints="0" sequenceCoverage="0" branchCoverage="0" maxCyclomaticComplexity="1" minCyclomaticComplexity="1" visitedClasses="0" numClasses="0" visitedMethods="0" numMethods="1" minCrapScore="2" maxCrapScore="2" />
              <MetadataToken>100663399</MetadataToken>
              <Name>Microsoft.FSharp.Core.FSharpFunc`2&lt;Microsoft.FSharp.Collections.FSharpList`1&lt;System.Single[][]&gt;,Microsoft.FSharp.Core.FSharpFunc`2&lt;ImageProcessing.ImageProcessing/Image,ImageProcessing.ImageProcessing/Image&gt;&gt; ImageProcessing.ImageProcessing::applyFiltersGPU(Brahma.FSharp.ClContext,System.Int32)</Name>
              <FileRef uid="3" />
              <SequencePoints>
                <SequencePoint vc="0" uspid="97" ordinal="0" offset="0" sl="394" sc="5" el="394" ec="62" bec="0" bev="0" fileid="3" />
                <SequencePoint vc="0" uspid="96" ordinal="1" offset="8" sl="395" sc="5" el="395" ec="54" bec="0" bev="0" fileid="3" />
              </SequencePoints>
              <BranchPoints />
              <MethodPoint xsi:type="SequencePoint" vc="0" uspid="97" ordinal="0" offset="0" sl="394" sc="5" el="394" ec="62" bec="0" bev="0" fileid="3" />
            </Method>
            <Method visited="false" cyclomaticComplexity="1" nPathComplexity="0" sequenceCoverage="0" branchCoverage="0" isConstructor="true" isStatic="true" isGetter="false" isSetter="false" crapScore="2">
              <Summary numSequencePoints="0" visitedSequencePoints="0" numBranchPoints="0" visitedBranchPoints="0" sequenceCoverage="0" branchCoverage="0" maxCyclomaticComplexity="1" minCyclomaticComplexity="1" visitedClasses="0" numClasses="0" visitedMethods="0" numMethods="0" minCrapScore="2" maxCrapScore="2" />
              <MetadataToken>100663400</MetadataToken>
              <Name>System.Void ImageProcessing.ImageProcessing::.cctor()</Name>
              <SequencePoints />
              <BranchPoints />
              <MethodPoint vc="0" uspid="100663400" ordinal="0" offset="0" />
            </Method>
          </Methods>
        </Class>
        <Class>
          <Summary numSequencePoints="1" visitedSequencePoints="0" numBranchPoints="1" visitedBranchPoints="0" sequenceCoverage="0" branchCoverage="0" maxCyclomaticComplexity="1" minCyclomaticComplexity="1" visitedClasses="0" numClasses="1" visitedMethods="0" numMethods="1" minCrapScore="2" maxCrapScore="2" />
          <FullName>ImageProcessing.ImageProcessing/Image</FullName>
          <Methods>
            <Method visited="false" cyclomaticComplexity="9" nPathComplexity="0" sequenceCoverage="0" branchCoverage="0" isConstructor="false" isStatic="false" isGetter="false" isSetter="false" crapScore="90">
              <Summary numSequencePoints="0" visitedSequencePoints="0" numBranchPoints="0" visitedBranchPoints="0" sequenceCoverage="0" branchCoverage="0" maxCyclomaticComplexity="9" minCyclomaticComplexity="9" visitedClasses="0" numClasses="0" visitedMethods="0" numMethods="0" minCrapScore="90" maxCrapScore="90" />
              <MetadataToken>100663405</MetadataToken>
              <Name>System.Int32 ImageProcessing.ImageProcessing/Image::CompareTo(ImageProcessing.ImageProcessing/Image)</Name>
              <SequencePoints />
              <BranchPoints />
              <MethodPoint vc="0" uspid="100663405" ordinal="0" offset="0" />
            </Method>
            <Method visited="false" cyclomaticComplexity="1" nPathComplexity="0" sequenceCoverage="0" branchCoverage="0" isConstructor="false" isStatic="false" isGetter="false" isSetter="false" crapScore="2">
              <Summary numSequencePoints="0" visitedSequencePoints="0" numBranchPoints="0" visitedBranchPoints="0" sequenceCoverage="0" branchCoverage="0" maxCyclomaticComplexity="1" minCyclomaticComplexity="1" visitedClasses="0" numClasses="0" visitedMethods="0" numMethods="0" minCrapScore="2" maxCrapScore="2" />
              <MetadataToken>100663406</MetadataToken>
              <Name>System.Int32 ImageProcessing.ImageProcessing/Image::CompareTo(System.Object)</Name>
              <SequencePoints />
              <BranchPoints />
              <MethodPoint vc="0" uspid="100663406" ordinal="0" offset="0" />
            </Method>
            <Method visited="false" cyclomaticComplexity="9" nPathComplexity="0" sequenceCoverage="0" branchCoverage="0" isConstructor="false" isStatic="false" isGetter="false" isSetter="false" crapScore="90">
              <Summary numSequencePoints="0" visitedSequencePoints="0" numBranchPoints="0" visitedBranchPoints="0" sequenceCoverage="0" branchCoverage="0" maxCyclomaticComplexity="9" minCyclomaticComplexity="9" visitedClasses="0" numClasses="0" visitedMethods="0" numMethods="0" minCrapScore="90" maxCrapScore="90" />
              <MetadataToken>100663407</MetadataToken>
              <Name>System.Int32 ImageProcessing.ImageProcessing/Image::CompareTo(System.Object,System.Collections.IComparer)</Name>
              <SequencePoints />
              <BranchPoints />
              <MethodPoint vc="0" uspid="100663407" ordinal="0" offset="0" />
            </Method>
            <Method visited="false" cyclomaticComplexity="2" nPathComplexity="0" sequenceCoverage="0" branchCoverage="0" isConstructor="false" isStatic="false" isGetter="false" isSetter="false" crapScore="6">
              <Summary numSequencePoints="0" visitedSequencePoints="0" numBranchPoints="0" visitedBranchPoints="0" sequenceCoverage="0" branchCoverage="0" maxCyclomaticComplexity="2" minCyclomaticComplexity="2" visitedClasses="0" numClasses="0" visitedMethods="0" numMethods="0" minCrapScore="6" maxCrapScore="6" />
              <MetadataToken>100663408</MetadataToken>
              <Name>System.Int32 ImageProcessing.ImageProcessing/Image::GetHashCode(System.Collections.IEqualityComparer)</Name>
              <SequencePoints />
              <BranchPoints />
              <MethodPoint vc="0" uspid="100663408" ordinal="0" offset="0" />
            </Method>
            <Method visited="false" cyclomaticComplexity="1" nPathComplexity="0" sequenceCoverage="0" branchCoverage="0" isConstructor="false" isStatic="false" isGetter="false" isSetter="false" crapScore="2">
              <Summary numSequencePoints="0" visitedSequencePoints="0" numBranchPoints="0" visitedBranchPoints="0" sequenceCoverage="0" branchCoverage="0" maxCyclomaticComplexity="1" minCyclomaticComplexity="1" visitedClasses="0" numClasses="0" visitedMethods="0" numMethods="0" minCrapScore="2" maxCrapScore="2" />
              <MetadataToken>100663409</MetadataToken>
              <Name>System.Int32 ImageProcessing.ImageProcessing/Image::GetHashCode()</Name>
              <SequencePoints />
              <BranchPoints />
              <MethodPoint vc="0" uspid="100663409" ordinal="0" offset="0" />
            </Method>
            <Method visited="false" cyclomaticComplexity="5" nPathComplexity="0" sequenceCoverage="0" branchCoverage="0" isConstructor="false" isStatic="false" isGetter="false" isSetter="false" crapScore="30">
              <Summary numSequencePoints="0" visitedSequencePoints="0" numBranchPoints="0" visitedBranchPoints="0" sequenceCoverage="0" branchCoverage="0" maxCyclomaticComplexity="5" minCyclomaticComplexity="5" visitedClasses="0" numClasses="0" visitedMethods="0" numMethods="0" minCrapScore="30" maxCrapScore="30" />
              <MetadataToken>100663410</MetadataToken>
              <Name>System.Boolean ImageProcessing.ImageProcessing/Image::Equals(System.Object,System.Collections.IEqualityComparer)</Name>
              <SequencePoints />
              <BranchPoints />
              <MethodPoint vc="0" uspid="100663410" ordinal="0" offset="0" />
            </Method>
            <Method visited="false" cyclomaticComplexity="1" nPathComplexity="0" sequenceCoverage="0" branchCoverage="0" isConstructor="true" isStatic="false" isGetter="false" isSetter="false" crapScore="2">
              <Summary numSequencePoints="1" visitedSequencePoints="0" numBranchPoints="1" visitedBranchPoints="0" sequenceCoverage="0" branchCoverage="0" maxCyclomaticComplexity="1" minCyclomaticComplexity="1" visitedClasses="0" numClasses="0" visitedMethods="0" numMethods="1" minCrapScore="2" maxCrapScore="2" />
              <MetadataToken>100663411</MetadataToken>
              <Name>System.Void ImageProcessing.ImageProcessing/Image::.ctor(System.Byte[],System.Int32,System.Int32,System.String)</Name>
              <FileRef uid="3" />
              <SequencePoints>
                <SequencePoint vc="0" uspid="98" ordinal="0" offset="0" sl="16" sc="9" el="21" ec="10" bec="0" bev="0" fileid="3" />
              </SequencePoints>
              <BranchPoints />
              <MethodPoint xsi:type="SequencePoint" vc="0" uspid="98" ordinal="0" offset="0" sl="16" sc="9" el="21" ec="10" bec="0" bev="0" fileid="3" />
            </Method>
            <Method visited="false" cyclomaticComplexity="4" nPathComplexity="0" sequenceCoverage="0" branchCoverage="0" isConstructor="false" isStatic="false" isGetter="false" isSetter="false" crapScore="20">
              <Summary numSequencePoints="0" visitedSequencePoints="0" numBranchPoints="0" visitedBranchPoints="0" sequenceCoverage="0" branchCoverage="0" maxCyclomaticComplexity="4" minCyclomaticComplexity="4" visitedClasses="0" numClasses="0" visitedMethods="0" numMethods="0" minCrapScore="20" maxCrapScore="20" />
              <MetadataToken>100663412</MetadataToken>
              <Name>System.Boolean ImageProcessing.ImageProcessing/Image::Equals(ImageProcessing.ImageProcessing/Image)</Name>
              <SequencePoints />
              <BranchPoints />
              <MethodPoint vc="0" uspid="100663412" ordinal="0" offset="0" />
            </Method>
            <Method visited="false" cyclomaticComplexity="2" nPathComplexity="0" sequenceCoverage="0" branchCoverage="0" isConstructor="false" isStatic="false" isGetter="false" isSetter="false" crapScore="6">
              <Summary numSequencePoints="0" visitedSequencePoints="0" numBranchPoints="0" visitedBranchPoints="0" sequenceCoverage="0" branchCoverage="0" maxCyclomaticComplexity="2" minCyclomaticComplexity="2" visitedClasses="0" numClasses="0" visitedMethods="0" numMethods="0" minCrapScore="6" maxCrapScore="6" />
              <MetadataToken>100663413</MetadataToken>
              <Name>System.Boolean ImageProcessing.ImageProcessing/Image::Equals(System.Object)</Name>
              <SequencePoints />
              <BranchPoints />
              <MethodPoint vc="0" uspid="100663413" ordinal="0" offset="0" />
            </Method>
          </Methods>
        </Class>
        <Class>
          <Summary numSequencePoints="6" visitedSequencePoints="0" numBranchPoints="5" visitedBranchPoints="0" sequenceCoverage="0" branchCoverage="0" maxCyclomaticComplexity="8" minCyclomaticComplexity="1" visitedClasses="0" numClasses="1" visitedMethods="0" numMethods="1" minCrapScore="72" maxCrapScore="72" />
          <FullName>ImageProcessing.ImageProcessing/Pipe #1 input at line 56@57</FullName>
          <Methods>
            <Method visited="false" cyclomaticComplexity="1" nPathComplexity="0" sequenceCoverage="0" branchCoverage="0" isConstructor="true" isStatic="false" isGetter="false" isSetter="false" crapScore="2">
              <Summary numSequencePoints="0" visitedSequencePoints="0" numBranchPoints="0" visitedBranchPoints="0" sequenceCoverage="0" branchCoverage="0" maxCyclomaticComplexity="1" minCyclomaticComplexity="1" visitedClasses="0" numClasses="0" visitedMethods="0" numMethods="0" minCrapScore="2" maxCrapScore="2" />
              <MetadataToken>100663414</MetadataToken>
              <Name>System.Void ImageProcessing.ImageProcessing/Pipe #1 input at line 56@57::.ctor(a[0...,0...],System.Int32,System.Collections.Generic.IEnumerator`1&lt;System.Int32&gt;,System.Collections.Generic.IEnumerator`1&lt;System.Int32&gt;,System.Int32,a)</Name>
              <SequencePoints />
              <BranchPoints />
              <MethodPoint vc="0" uspid="100663414" ordinal="0" offset="0" />
            </Method>
            <Method visited="false" cyclomaticComplexity="8" nPathComplexity="4" sequenceCoverage="0" branchCoverage="0" isConstructor="false" isStatic="false" isGetter="false" isSetter="false" crapScore="72">
              <Summary numSequencePoints="6" visitedSequencePoints="0" numBranchPoints="5" visitedBranchPoints="0" sequenceCoverage="0" branchCoverage="0" maxCyclomaticComplexity="8" minCyclomaticComplexity="8" visitedClasses="0" numClasses="0" visitedMethods="0" numMethods="1" minCrapScore="72" maxCrapScore="72" />
              <MetadataToken>100663415</MetadataToken>
              <Name>System.Int32 ImageProcessing.ImageProcessing/Pipe #1 input at line 56@57::GenerateNext(System.Collections.Generic.IEnumerable`1&lt;a&gt;&amp;)</Name>
              <FileRef uid="3" />
              <SequencePoints>
                <SequencePoint vc="0" uspid="104" ordinal="0" offset="56" sl="57" sc="13" el="57" ec="16" bec="0" bev="0" fileid="3" />
                <SequencePoint vc="0" uspid="103" ordinal="1" offset="126" sl="62" sc="17" el="62" ec="20" bec="0" bev="0" fileid="3" />
                <SequencePoint vc="0" uspid="102" ordinal="2" offset="127" sl="63" sc="21" el="66" ec="22" bec="0" bev="0" fileid="3" />
                <SequencePoint vc="0" uspid="101" ordinal="3" offset="196" sl="67" sc="21" el="67" ec="40" bec="0" bev="0" fileid="3" />
                <SequencePoint vc="0" uspid="100" ordinal="4" offset="221" sl="62" sc="23" el="62" ec="25" bec="2" bev="0" fileid="3" />
                <SequencePoint vc="0" uspid="99" ordinal="5" offset="267" sl="57" sc="19" el="57" ec="21" bec="2" bev="0" fileid="3" />
              </SequencePoints>
              <BranchPoints>
                <BranchPoint vc="0" uspid="29" ordinal="0" offset="232" sl="62" path="0" offsetend="234" fileid="3" />
                <BranchPoint vc="0" uspid="30" ordinal="1" offset="232" sl="62" path="1" offsetend="176" fileid="3" />
                <BranchPoint vc="0" uspid="31" ordinal="2" offset="278" sl="57" path="0" offsetend="283" fileid="3" />
                <BranchPoint vc="0" uspid="32" ordinal="3" offset="278" sl="57" path="1" offsetchain="109" offsetend="221" fileid="3" />
              </BranchPoints>
              <MethodPoint xsi:type="SequencePoint" vc="0" uspid="104" ordinal="0" offset="56" sl="57" sc="13" el="57" ec="16" bec="0" bev="0" fileid="3" />
            </Method>
            <Method visited="false" cyclomaticComplexity="10" nPathComplexity="0" sequenceCoverage="0" branchCoverage="0" isConstructor="false" isStatic="false" isGetter="false" isSetter="false" crapScore="110">
              <Summary numSequencePoints="0" visitedSequencePoints="0" numBranchPoints="0" visitedBranchPoints="0" sequenceCoverage="0" branchCoverage="0" maxCyclomaticComplexity="10" minCyclomaticComplexity="10" visitedClasses="0" numClasses="0" visitedMethods="0" numMethods="0" minCrapScore="110" maxCrapScore="110" />
              <MetadataToken>100663416</MetadataToken>
              <Name>System.Void ImageProcessing.ImageProcessing/Pipe #1 input at line 56@57::Close()</Name>
              <SequencePoints />
              <BranchPoints />
              <MethodPoint vc="0" uspid="100663416" ordinal="0" offset="0" />
            </Method>
            <Method visited="false" cyclomaticComplexity="7" nPathComplexity="0" sequenceCoverage="0" branchCoverage="0" isConstructor="false" isStatic="false" isGetter="false" isSetter="false" crapScore="56">
              <Summary numSequencePoints="0" visitedSequencePoints="0" numBranchPoints="0" visitedBranchPoints="0" sequenceCoverage="0" branchCoverage="0" maxCyclomaticComplexity="7" minCyclomaticComplexity="7" visitedClasses="0" numClasses="0" visitedMethods="0" numMethods="0" minCrapScore="56" maxCrapScore="56" />
              <MetadataToken>100663417</MetadataToken>
              <Name>System.Boolean ImageProcessing.ImageProcessing/Pipe #1 input at line 56@57::get_CheckClose()</Name>
              <SequencePoints />
              <BranchPoints />
              <MethodPoint vc="0" uspid="100663417" ordinal="0" offset="0" />
            </Method>
            <Method visited="false" cyclomaticComplexity="1" nPathComplexity="0" sequenceCoverage="0" branchCoverage="0" isConstructor="false" isStatic="false" isGetter="false" isSetter="false" crapScore="2">
[...]
              </SequencePoints>
              <BranchPoints />
              <MethodPoint xsi:type="SequencePoint" vc="0" uspid="127" ordinal="0" offset="0" sl="285" sc="17" el="288" ec="23" bec="0" bev="0" fileid="3" />
            </Method>
          </Methods>
        </Class>
        <Class>
          <Summary numSequencePoints="1" visitedSequencePoints="0" numBranchPoints="1" visitedBranchPoints="0" sequenceCoverage="0" branchCoverage="0" maxCyclomaticComplexity="1" minCyclomaticComplexity="1" visitedClasses="0" numClasses="1" visitedMethods="0" numMethods="1" minCrapScore="2" maxCrapScore="2" />
          <FullName>ImageProcessing.ImageProcessing/res@303-1</FullName>
          <Methods>
            <Method visited="false" cyclomaticComplexity="1" nPathComplexity="0" sequenceCoverage="0" branchCoverage="0" isConstructor="false" isStatic="false" isGetter="false" isSetter="false" crapScore="2">
              <Summary numSequencePoints="1" visitedSequencePoints="0" numBranchPoints="1" visitedBranchPoints="0" sequenceCoverage="0" branchCoverage="0" maxCyclomaticComplexity="1" minCyclomaticComplexity="1" visitedClasses="0" numClasses="0" visitedMethods="0" numMethods="1" minCrapScore="2" maxCrapScore="2" />
              <MetadataToken>100663440</MetadataToken>
              <Name>System.Byte ImageProcessing.ImageProcessing/res@303-1::Invoke(System.Int32,System.Int32,System.Object)</Name>
              <FileRef uid="3" />
              <SequencePoints>
                <SequencePoint vc="0" uspid="128" ordinal="0" offset="0" sl="304" sc="17" el="307" ec="25" bec="0" bev="0" fileid="3" />
              </SequencePoints>
              <BranchPoints />
              <MethodPoint xsi:type="SequencePoint" vc="0" uspid="128" ordinal="0" offset="0" sl="304" sc="17" el="307" ec="25" bec="0" bev="0" fileid="3" />
            </Method>
          </Methods>
        </Class>
        <Class>
          <Summary numSequencePoints="1" visitedSequencePoints="0" numBranchPoints="1" visitedBranchPoints="0" sequenceCoverage="0" branchCoverage="0" maxCyclomaticComplexity="1" minCyclomaticComplexity="1" visitedClasses="0" numClasses="1" visitedMethods="0" numMethods="1" minCrapScore="2" maxCrapScore="2" />
          <FullName>ImageProcessing.ImageProcessing/applyFilterGPUKernel@389-1</FullName>
          <Methods>
            <Method visited="false" cyclomaticComplexity="1" nPathComplexity="0" sequenceCoverage="0" branchCoverage="0" isConstructor="false" isStatic="false" isGetter="false" isSetter="false" crapScore="2">
              <Summary numSequencePoints="1" visitedSequencePoints="0" numBranchPoints="1" visitedBranchPoints="0" sequenceCoverage="0" branchCoverage="0" maxCyclomaticComplexity="1" minCyclomaticComplexity="1" visitedClasses="0" numClasses="0" visitedMethods="0" numMethods="1" minCrapScore="2" maxCrapScore="2" />
              <MetadataToken>100663442</MetadataToken>
              <Name>Microsoft.FSharp.Core.Unit ImageProcessing.ImageProcessing/applyFilterGPUKernel@389-1::Invoke(Microsoft.FSharp.Core.Unit)</Name>
              <FileRef uid="3" />
              <SequencePoints>
                <SequencePoint vc="0" uspid="129" ordinal="0" offset="0" sl="389" sc="57" el="389" ec="118" bec="0" bev="0" fileid="3" />
              </SequencePoints>
              <BranchPoints />
              <MethodPoint xsi:type="SequencePoint" vc="0" uspid="129" ordinal="0" offset="0" sl="389" sc="57" el="389" ec="118" bec="0" bev="0" fileid="3" />
            </Method>
          </Methods>
        </Class>
        <Class>
          <Summary numSequencePoints="0" visitedSequencePoints="0" numBranchPoints="0" visitedBranchPoints="0" sequenceCoverage="0" branchCoverage="0" maxCyclomaticComplexity="0" minCyclomaticComplexity="0" visitedClasses="0" numClasses="0" visitedMethods="0" numMethods="0" minCrapScore="0" maxCrapScore="0" />
          <FullName>ImageProcessing.ImageProcessing/applyFilterGPUKernel@379</FullName>
          <Methods>
            <Method visited="false" cyclomaticComplexity="1" nPathComplexity="0" sequenceCoverage="0" branchCoverage="0" isConstructor="false" isStatic="false" isGetter="false" isSetter="false" crapScore="2">
              <Summary numSequencePoints="0" visitedSequencePoints="0" numBranchPoints="0" visitedBranchPoints="0" sequenceCoverage="0" branchCoverage="0" maxCyclomaticComplexity="1" minCyclomaticComplexity="1" visitedClasses="0" numClasses="0" visitedMethods="0" numMethods="0" minCrapScore="2" maxCrapScore="2" />
              <MetadataToken>100663444</MetadataToken>
              <Name>Microsoft.FSharp.Core.FSharpFunc`2&lt;System.Int32,Microsoft.FSharp.Core.FSharpFunc`2&lt;Brahma.FSharp.ClArray`1&lt;System.Byte&gt;,Brahma.FSharp.ClArray`1&lt;System.Byte&gt;&gt;&gt; ImageProcessing.ImageProcessing/applyFilterGPUKernel@379::Invoke(Microsoft.FSharp.Control.FSharpMailboxProcessor`1&lt;Brahma.FSharp.Msg&gt;,Brahma.FSharp.ClArray`1&lt;System.Single&gt;,System.Int32,Brahma.FSharp.ClArray`1&lt;System.Byte&gt;,System.Int32)</Name>
              <SequencePoints />
              <BranchPoints />
              <MethodPoint vc="0" uspid="100663444" ordinal="0" offset="0" />
            </Method>
          </Methods>
        </Class>
        <Class>
          <Summary numSequencePoints="5" visitedSequencePoints="0" numBranchPoints="1" visitedBranchPoints="0" sequenceCoverage="0" branchCoverage="0" maxCyclomaticComplexity="1" minCyclomaticComplexity="1" visitedClasses="0" numClasses="1" visitedMethods="0" numMethods="1" minCrapScore="2" maxCrapScore="2" />
          <FullName>ImageProcessing.ImageProcessing/applyFilterGPUKernel@379D</FullName>
          <Methods>
            <Method visited="false" cyclomaticComplexity="1" nPathComplexity="0" sequenceCoverage="0" branchCoverage="0" isConstructor="false" isStatic="false" isGetter="false" isSetter="false" crapScore="2">
              <Summary numSequencePoints="5" visitedSequencePoints="0" numBranchPoints="1" visitedBranchPoints="0" sequenceCoverage="0" branchCoverage="0" maxCyclomaticComplexity="1" minCyclomaticComplexity="1" visitedClasses="0" numClasses="0" visitedMethods="0" numMethods="1" minCrapScore="2" maxCrapScore="2" />
              <MetadataToken>100663446</MetadataToken>
              <Name>Brahma.FSharp.ClArray`1&lt;System.Byte&gt; ImageProcessing.ImageProcessing/applyFilterGPUKernel@379D::Invoke(System.Int32,Brahma.FSharp.ClArray`1&lt;System.Byte&gt;)</Name>
              <FileRef uid="3" />
              <SequencePoints>
                <SequencePoint vc="0" uspid="134" ordinal="0" offset="0" sl="381" sc="9" el="386" ec="14" bec="0" bev="0" fileid="3" />
                <SequencePoint vc="0" uspid="133" ordinal="1" offset="62" sl="388" sc="9" el="388" ec="40" bec="0" bev="0" fileid="3" />
                <SequencePoint vc="0" uspid="132" ordinal="2" offset="74" sl="389" sc="9" el="389" ec="120" bec="0" bev="0" fileid="3" />
                <SequencePoint vc="0" uspid="131" ordinal="3" offset="103" sl="390" sc="9" el="390" ec="57" bec="0" bev="0" fileid="3" />
                <SequencePoint vc="0" uspid="130" ordinal="4" offset="116" sl="391" sc="9" el="391" ec="15" bec="0" bev="0" fileid="3" />
              </SequencePoints>
              <BranchPoints />
              <MethodPoint xsi:type="SequencePoint" vc="0" uspid="134" ordinal="0" offset="0" sl="381" sc="9" el="386" ec="14" bec="0" bev="0" fileid="3" />
            </Method>
          </Methods>
        </Class>
        <Class>
          <Summary numSequencePoints="1" visitedSequencePoints="0" numBranchPoints="1" visitedBranchPoints="0" sequenceCoverage="0" branchCoverage="0" maxCyclomaticComplexity="1" minCyclomaticComplexity="1" visitedClasses="0" numClasses="1" visitedMethods="0" numMethods="1" minCrapScore="2" maxCrapScore="2" />
          <FullName>ImageProcessing.ImageProcessing/result@430</FullName>
          <Methods>
            <Method visited="false" cyclomaticComplexity="1" nPathComplexity="0" sequenceCoverage="0" branchCoverage="0" isConstructor="false" isStatic="false" isGetter="false" isSetter="false" crapScore="2">
              <Summary numSequencePoints="1" visitedSequencePoints="0" numBranchPoints="1" visitedBranchPoints="0" sequenceCoverage="0" branchCoverage="0" maxCyclomaticComplexity="1" minCyclomaticComplexity="1" visitedClasses="0" numClasses="0" visitedMethods="0" numMethods="1" minCrapScore="2" maxCrapScore="2" />
              <MetadataToken>100663448</MetadataToken>
              <Name>Brahma.FSharp.Msg ImageProcessing.ImageProcessing/result@430::Invoke(Microsoft.FSharp.Control.FSharpAsyncReplyChannel`1&lt;System.Byte[]&gt;)</Name>
              <FileRef uid="3" />
              <SequencePoints>
                <SequencePoint vc="0" uspid="135" ordinal="0" offset="0" sl="430" sc="51" el="430" ec="89" bec="0" bev="0" fileid="3" />
              </SequencePoints>
              <BranchPoints />
              <MethodPoint xsi:type="SequencePoint" vc="0" uspid="135" ordinal="0" offset="0" sl="430" sc="51" el="430" ec="89" bec="0" bev="0" fileid="3" />
            </Method>
          </Methods>
        </Class>
        <Class>
          <Summary numSequencePoints="16" visitedSequencePoints="0" numBranchPoints="3" visitedBranchPoints="0" sequenceCoverage="0" branchCoverage="0" maxCyclomaticComplexity="2" minCyclomaticComplexity="1" visitedClasses="0" numClasses="1" visitedMethods="0" numMethods="1" minCrapScore="6" maxCrapScore="6" />
          <FullName>ImageProcessing.ImageProcessing/applyFiltersGPU@397</FullName>
          <Methods>
            <Method visited="false" cyclomaticComplexity="2" nPathComplexity="2" sequenceCoverage="0" branchCoverage="0" isConstructor="false" isStatic="false" isGetter="false" isSetter="false" crapScore="6">
              <Summary numSequencePoints="16" visitedSequencePoints="0" numBranchPoints="3" visitedBranchPoints="0" sequenceCoverage="0" branchCoverage="0" maxCyclomaticComplexity="2" minCyclomaticComplexity="2" visitedClasses="0" numClasses="0" visitedMethods="0" numMethods="1" minCrapScore="6" maxCrapScore="6" />
              <MetadataToken>100663450</MetadataToken>
              <Name>ImageProcessing.ImageProcessing/Image ImageProcessing.ImageProcessing/applyFiltersGPU@397::Invoke(Microsoft.FSharp.Collections.FSharpList`1&lt;System.Single[][]&gt;,ImageProcessing.ImageProcessing/Image)</Name>
              <FileRef uid="3" />
              <SequencePoints>
                <SequencePoint vc="0" uspid="151" ordinal="0" offset="0" sl="399" sc="9" el="400" ec="79" bec="0" bev="0" fileid="3" />
                <SequencePoint vc="0" uspid="150" ordinal="1" offset="36" sl="402" sc="9" el="407" ec="14" bec="0" bev="0" fileid="3" />
                <SequencePoint vc="0" uspid="149" ordinal="2" offset="78" sl="409" sc="9" el="409" ec="12" bec="0" bev="0" fileid="3" />
                <SequencePoint vc="0" uspid="148" ordinal="3" offset="100" sl="410" sc="13" el="410" ec="45" bec="0" bev="0" fileid="3" />
                <SequencePoint vc="0" uspid="147" ordinal="4" offset="109" sl="412" sc="13" el="414" ec="20" bec="0" bev="0" fileid="3" />
                <SequencePoint vc="0" uspid="146" ordinal="5" offset="120" sl="416" sc="13" el="417" ec="108" bec="0" bev="0" fileid="3" />
                <SequencePoint vc="0" uspid="145" ordinal="6" offset="156" sl="419" sc="13" el="419" ec="33" bec="0" bev="0" fileid="3" />
                <SequencePoint vc="0" uspid="144" ordinal="7" offset="164" sl="420" sc="13" el="420" ec="85" bec="0" bev="0" fileid="3" />
                <SequencePoint vc="0" uspid="143" ordinal="8" offset="225" sl="421" sc="13" el="421" ec="31" bec="0" bev="0" fileid="3" />
                <SequencePoint vc="0" uspid="142" ordinal="9" offset="228" sl="422" sc="13" el="422" ec="51" bec="0" bev="0" fileid="3" />
                <SequencePoint vc="0" uspid="141" ordinal="10" offset="256" sl="409" sc="20" el="409" ec="22" bec="2" bev="0" fileid="3" />
                <SequencePoint vc="0" uspid="140" ordinal="11" offset="262" sl="424" sc="9" el="428" ec="14" bec="0" bev="0" fileid="3" />
                <SequencePoint vc="0" uspid="139" ordinal="12" offset="284" sl="430" sc="9" el="430" ec="90" bec="0" bev="0" fileid="3" />
                <SequencePoint vc="0" uspid="138" ordinal="13" offset="306" sl="431" sc="9" el="431" ec="44" bec="0" bev="0" fileid="3" />
                <SequencePoint vc="0" uspid="137" ordinal="14" offset="329" sl="432" sc="9" el="432" ec="45" bec="0" bev="0" fileid="3" />
                <SequencePoint vc="0" uspid="136" ordinal="15" offset="347" sl="433" sc="9" el="433" ec="55" bec="0" bev="0" fileid="3" />
              </SequencePoints>
              <BranchPoints>
                <BranchPoint vc="0" uspid="42" ordinal="0" offset="257" sl="409" path="0" offsetend="262" fileid="3" />
                <BranchPoint vc="0" uspid="43" ordinal="1" offset="257" sl="409" path="1" offsetend="92" fileid="3" />
              </BranchPoints>
              <MethodPoint xsi:type="SequencePoint" vc="0" uspid="151" ordinal="0" offset="0" sl="399" sc="9" el="400" ec="79" bec="0" bev="0" fileid="3" />
            </Method>
          </Methods>
        </Class>
        <Class>
          <Summary numSequencePoints="15" visitedSequencePoints="0" numBranchPoints="25" visitedBranchPoints="0" sequenceCoverage="0" branchCoverage="0" maxCyclomaticComplexity="27" minCyclomaticComplexity="1" visitedClasses="0" numClasses="1" visitedMethods="0" numMethods="1" minCrapScore="756" maxCrapScore="756" />
          <FullName>&lt;StartupCode$ImageProcessing&gt;.$ImageProcessing.ImageProcessing</FullName>
          <Methods>
            <Method visited="false" cyclomaticComplexity="27" nPathComplexity="4096" sequenceCoverage="0" branchCoverage="0" isConstructor="true" isStatic="true" isGetter="false" isSetter="false" crapScore="756">
              <Summary numSequencePoints="15" visitedSequencePoints="0" numBranchPoints="25" visitedBranchPoints="0" sequenceCoverage="0" branchCoverage="0" maxCyclomaticComplexity="27" minCyclomaticComplexity="27" visitedClasses="0" numClasses="0" visitedMethods="0" numMethods="1" minCrapScore="756" maxCrapScore="756" />
              <MetadataToken>100663451</MetadataToken>
              <Name>System.Void &lt;StartupCode$ImageProcessing&gt;.$ImageProcessing.ImageProcessing::.cctor()</Name>
              <FileRef uid="3" />
              <SequencePoints>
                <SequencePoint vc="0" uspid="166" ordinal="0" offset="0" sl="79" sc="5" el="115" ec="7" bec="0" bev="0" fileid="3" />
                <SequencePoint vc="0" uspid="165" ordinal="1" offset="282" sl="116" sc="8" el="121" ec="6" bec="4" bev="0" fileid="3" />
                <SequencePoint vc="0" uspid="164" ordinal="2" offset="384" sl="118" sc="13" el="119" ec="21" bec="4" bev="0" fileid="3" />
                <SequencePoint vc="0" uspid="163" ordinal="3" offset="449" sl="124" sc="5" el="160" ec="7" bec="0" bev="0" fileid="3" />
                <SequencePoint vc="0" uspid="162" ordinal="4" offset="722" sl="161" sc="8" el="161" ec="37" bec="0" bev="0" fileid="3" />
                <SequencePoint vc="0" uspid="161" ordinal="5" offset="876" sl="164" sc="6" el="164" ec="79" bec="0" bev="0" fileid="3" />
                <SequencePoint vc="0" uspid="160" ordinal="6" offset="1016" sl="165" sc="8" el="165" ec="37" bec="0" bev="0" fileid="3" />
                <SequencePoint vc="0" uspid="159" ordinal="7" offset="1170" sl="168" sc="5" el="184" ec="7" bec="0" bev="0" fileid="3" />
                <SequencePoint vc="0" uspid="158" ordinal="8" offset="1290" sl="185" sc="8" el="190" ec="6" bec="4" bev="0" fileid="3" />
                <SequencePoint vc="0" uspid="157" ordinal="9" offset="1392" sl="187" sc="13" el="188" ec="17" bec="4" bev="0" fileid="3" />
                <SequencePoint vc="0" uspid="156" ordinal="10" offset="1457" sl="194" sc="5" el="210" ec="7" bec="0" bev="0" fileid="3" />
                <SequencePoint vc="0" uspid="155" ordinal="11" offset="1577" sl="211" sc="8" el="211" ec="37" bec="0" bev="0" fileid="3" />
                <SequencePoint vc="0" uspid="154" ordinal="12" offset="1732" sl="215" sc="5" el="231" ec="7" bec="0" bev="0" fileid="3" />
                <SequencePoint vc="0" uspid="153" ordinal="13" offset="1851" sl="232" sc="8" el="237" ec="6" bec="4" bev="0" fileid="3" />
                <SequencePoint vc="0" uspid="152" ordinal="14" offset="1953" sl="234" sc="13" el="235" ec="17" bec="4" bev="0" fileid="3" />
              </SequencePoints>
              <BranchPoints>
                <BranchPoint vc="0" uspid="44" ordinal="0" offset="288" sl="116" path="0" offsetend="290" fileid="3" />
                <BranchPoint vc="0" uspid="45" ordinal="1" offset="288" sl="116" path="1" offsetchain="301" offsetend="429" fileid="3" />
                <BranchPoint vc="0" uspid="46" ordinal="2" offset="335" sl="116" path="0" offsetend="337" fileid="3" />
                <BranchPoint vc="0" uspid="47" ordinal="3" offset="335" sl="116" path="1" offsetchain="348" offsetend="404" fileid="3" />
                <BranchPoint vc="0" uspid="48" ordinal="4" offset="410" sl="118" path="0" offsetend="412" fileid="3" />
                <BranchPoint vc="0" uspid="49" ordinal="5" offset="410" sl="118" path="1" offsetend="369" fileid="3" />
                <BranchPoint vc="0" uspid="50" ordinal="6" offset="435" sl="118" path="0" offsetend="440" fileid="3" />
                <BranchPoint vc="0" uspid="51" ordinal="7" offset="435" sl="118" path="1" offsetend="318" fileid="3" />
                <BranchPoint vc="0" uspid="52" ordinal="8" offset="1296" sl="185" path="0" offsetend="1298" fileid="3" />
                <BranchPoint vc="0" uspid="53" ordinal="9" offset="1296" sl="185" path="1" offsetchain="1309" offsetend="1437" fileid="3" />
                <BranchPoint vc="0" uspid="54" ordinal="10" offset="1343" sl="185" path="0" offsetend="1345" fileid="3" />
                <BranchPoint vc="0" uspid="55" ordinal="11" offset="1343" sl="185" path="1" offsetchain="1356" offsetend="1412" fileid="3" />
                <BranchPoint vc="0" uspid="56" ordinal="12" offset="1418" sl="187" path="0" offsetend="1420" fileid="3" />
                <BranchPoint vc="0" uspid="57" ordinal="13" offset="1418" sl="187" path="1" offsetend="1377" fileid="3" />
                <BranchPoint vc="0" uspid="58" ordinal="14" offset="1443" sl="187" path="0" offsetend="1448" fileid="3" />
                <BranchPoint vc="0" uspid="59" ordinal="15" offset="1443" sl="187" path="1" offsetend="1326" fileid="3" />
                <BranchPoint vc="0" uspid="60" ordinal="16" offset="1857" sl="232" path="0" offsetend="1859" fileid="3" />
                <BranchPoint vc="0" uspid="61" ordinal="17" offset="1857" sl="232" path="1" offsetchain="1870" offsetend="1998" fileid="3" />
                <BranchPoint vc="0" uspid="62" ordinal="18" offset="1904" sl="232" path="0" offsetend="1906" fileid="3" />
                <BranchPoint vc="0" uspid="63" ordinal="19" offset="1904" sl="232" path="1" offsetchain="1917" offsetend="1973" fileid="3" />
                <BranchPoint vc="0" uspid="64" ordinal="20" offset="1979" sl="234" path="0" offsetend="1981" fileid="3" />
                <BranchPoint vc="0" uspid="65" ordinal="21" offset="1979" sl="234" path="1" offsetend="1938" fileid="3" />
                <BranchPoint vc="0" uspid="66" ordinal="22" offset="2004" sl="234" path="0" offsetend="2009" fileid="3" />
                <BranchPoint vc="0" uspid="67" ordinal="23" offset="2004" sl="234" path="1" offsetend="1887" fileid="3" />
              </BranchPoints>
              <MethodPoint xsi:type="SequencePoint" vc="0" uspid="166" ordinal="0" offset="0" sl="79" sc="5" el="115" ec="7" bec="0" bev="0" fileid="3" />
            </Method>
          </Methods>
        </Class>
      </Classes>
    </Module>
  </Modules>
</CoverageSession>